10:27:14:217  INFO 13203 --- [main] com.hmall.cart.CartApplication           : Starting CartApplication using Java 11.0.27 on macdeMacBook-Pro.local with PID 13203 (/Users/mac/Projects/hmall/Cart-service/target/classes started by mac in /Users/mac/Projects/hmall)
10:27:14:223 DEBUG 13203 --- [main] com.hmall.cart.CartApplication           : Running with Spring Boot v2.7.12, Spring v5.3.27
10:27:14:224  INFO 13203 --- [main] com.hmall.cart.CartApplication           : The following 1 profile is active: "local"
10:27:15:715  INFO 13203 --- [main] .s.d.r.c.RepositoryConfigurationDelegate : Multiple Spring Data modules found, entering strict repository configuration mode
10:27:15:718  INFO 13203 --- [main] .s.d.r.c.RepositoryConfigurationDelegate : Bootstrapping Spring Data Redis repositories in DEFAULT mode.
10:27:15:751  INFO 13203 --- [main] .s.d.r.c.RepositoryConfigurationDelegate : Finished Spring Data repository scanning in 12 ms. Found 0 Redis repository interfaces.
10:27:16:163  INFO 13203 --- [main] o.s.cloud.context.scope.GenericScope     : BeanFactory id=5dcdf68c-ca0b-3f10-a907-b5f04f877757
10:27:16:838  INFO 13203 --- [main] o.s.b.w.embedded.tomcat.TomcatWebServer  : Tomcat initialized with port(s): 8082 (http)
10:27:16:854  INFO 13203 --- [main] o.apache.catalina.core.StandardService   : Starting service [Tomcat]
10:27:16:855  INFO 13203 --- [main] org.apache.catalina.core.StandardEngine  : Starting Servlet engine: [Apache Tomcat/9.0.75]
10:27:17:031  INFO 13203 --- [main] o.a.c.c.C.[Tomcat].[localhost].[/]       : Initializing Spring embedded WebApplicationContext
10:27:17:031  INFO 13203 --- [main] w.s.c.ServletWebServerApplicationContext : Root WebApplicationContext: initialization completed in 2728 ms
10:27:18:604  INFO 13203 --- [main] pertySourcedRequestMappingHandlerMapping : Mapped URL path [/v2/api-docs] onto method [springfox.documentation.swagger2.web.Swagger2ControllerWebMvc#getDocumentation(String, HttpServletRequest)]
10:27:19:495  INFO 13203 --- [main] com.alibaba.nacos.common.remote.client   : [RpcClientFactory] create a new rpc client of 0f406a5a-2b48-43b5-8666-4c28db91f546
10:27:19:586  INFO 13203 --- [main] org.reflections.Reflections              : Reflections took 44 ms to scan 1 urls, producing 3 keys and 6 values 
10:27:19:631  INFO 13203 --- [main] org.reflections.Reflections              : Reflections took 16 ms to scan 1 urls, producing 4 keys and 9 values 
10:27:19:656  INFO 13203 --- [main] org.reflections.Reflections              : Reflections took 21 ms to scan 1 urls, producing 3 keys and 10 values 
10:27:19:660  WARN 13203 --- [main] org.reflections.Reflections              : given scan urls are empty. set urls in the configuration
10:27:19:690  INFO 13203 --- [main] org.reflections.Reflections              : Reflections took 28 ms to scan 1 urls, producing 1 keys and 5 values 
10:27:19:722  INFO 13203 --- [main] org.reflections.Reflections              : Reflections took 24 ms to scan 1 urls, producing 1 keys and 7 values 
10:27:19:749  INFO 13203 --- [main] org.reflections.Reflections              : Reflections took 23 ms to scan 1 urls, producing 2 keys and 8 values 
10:27:19:767  WARN 13203 --- [main] org.reflections.Reflections              : given scan urls are empty. set urls in the configuration
10:27:19:769  INFO 13203 --- [main] com.alibaba.nacos.common.remote.client   : [0f406a5a-2b48-43b5-8666-4c28db91f546] RpcClient init label, labels = {module=naming, source=sdk}
10:27:19:777  INFO 13203 --- [main] com.alibaba.nacos.common.remote.client   : [0f406a5a-2b48-43b5-8666-4c28db91f546] RpcClient init, ServerListFactory = com.alibaba.nacos.client.naming.core.ServerListManager
10:27:19:778  INFO 13203 --- [main] com.alibaba.nacos.common.remote.client   : [0f406a5a-2b48-43b5-8666-4c28db91f546] Registry connection listener to current client:com.alibaba.nacos.client.naming.remote.gprc.redo.NamingGrpcRedoService
10:27:19:779  INFO 13203 --- [main] com.alibaba.nacos.common.remote.client   : [0f406a5a-2b48-43b5-8666-4c28db91f546] Register server push request handler:com.alibaba.nacos.client.naming.remote.gprc.NamingPushRequestHandler
10:27:19:781  INFO 13203 --- [main] com.alibaba.nacos.common.remote.client   : [0f406a5a-2b48-43b5-8666-4c28db91f546] Try to connect to server on start up, server: {serverIp = '172.16.196.130', server main port = 8848}
10:27:20:767  INFO 13203 --- [main] com.alibaba.nacos.common.remote.client   : [0f406a5a-2b48-43b5-8666-4c28db91f546] Success to connect to server [172.16.196.130:8848] on start up, connectionId = 1746152840543_172.16.196.1_52354
10:27:20:769  INFO 13203 --- [main] com.alibaba.nacos.common.remote.client   : [0f406a5a-2b48-43b5-8666-4c28db91f546] Register server push request handler:com.alibaba.nacos.common.remote.client.RpcClient$ConnectResetRequestHandler
10:27:20:768  INFO 13203 --- [com.alibaba.nacos.client.remote.worker] com.alibaba.nacos.common.remote.client   : [0f406a5a-2b48-43b5-8666-4c28db91f546] Notify connected event to listeners.
10:27:20:770  INFO 13203 --- [main] com.alibaba.nacos.common.remote.client   : [0f406a5a-2b48-43b5-8666-4c28db91f546] Register server push request handler:com.alibaba.nacos.common.remote.client.RpcClient$$Lambda$1091/0x0000000840694c40
10:27:21:322  INFO 13203 --- [main] o.s.b.w.embedded.tomcat.TomcatWebServer  : Tomcat started on port(s): 8082 (http) with context path ''
10:27:21:346  INFO 13203 --- [main] c.a.c.n.registry.NacosServiceRegistry    : nacos registry, DEFAULT_GROUP cart-service 192.168.2.102:8082 register finished
10:27:21:347  INFO 13203 --- [main] d.s.w.p.DocumentationPluginsBootstrapper : Documentation plugins bootstrapped
10:27:21:350  INFO 13203 --- [main] d.s.w.p.DocumentationPluginsBootstrapper : Found 1 custom documentation plugin(s)
10:27:21:375  INFO 13203 --- [main] s.d.s.w.s.ApiListingReferenceScanner     : Scanning for api listing references
10:27:21:492  INFO 13203 --- [main] com.hmall.cart.CartApplication           : Started CartApplication in 8.019 seconds (JVM running for 9.026)
10:27:21:816  INFO 13203 --- [nacos-grpc-client-executor-11] com.alibaba.nacos.common.remote.client   : [0f406a5a-2b48-43b5-8666-4c28db91f546] Receive server push request, request = NotifySubscriberRequest, requestId = 1
10:27:21:820  INFO 13203 --- [nacos-grpc-client-executor-11] com.alibaba.nacos.common.remote.client   : [0f406a5a-2b48-43b5-8666-4c28db91f546] Ack server push request, request = NotifySubscriberRequest, requestId = 1
10:27:41:742  INFO 13203 --- [http-nio-8082-exec-1] o.a.c.c.C.[Tomcat].[localhost].[/]       : Initializing Spring DispatcherServlet 'dispatcherServlet'
10:27:41:743  INFO 13203 --- [http-nio-8082-exec-1] o.s.web.servlet.DispatcherServlet        : Initializing Servlet 'dispatcherServlet'
10:27:41:745  INFO 13203 --- [http-nio-8082-exec-1] o.s.web.servlet.DispatcherServlet        : Completed initialization in 2 ms
10:27:41:934  INFO 13203 --- [http-nio-8082-exec-1] com.zaxxer.hikari.HikariDataSource       : HikariPool-1 - Starting...
10:27:42:438  INFO 13203 --- [http-nio-8082-exec-1] com.zaxxer.hikari.HikariDataSource       : HikariPool-1 - Start completed.
10:27:42:447 DEBUG 13203 --- [http-nio-8082-exec-1] c.h.cart.mapper.CartMapper.selectList    : ==>  Preparing: SELECT id,user_id,item_id,num,name,spec,price,image,create_time,update_time FROM cart WHERE (user_id = ?)
10:27:42:472 DEBUG 13203 --- [http-nio-8082-exec-1] c.h.cart.mapper.CartMapper.selectList    : ==> Parameters: 1(Long)
10:27:42:505 DEBUG 13203 --- [http-nio-8082-exec-1] c.h.cart.mapper.CartMapper.selectList    : <==      Total: 1
10:27:43:110  INFO 13203 --- [nacos-grpc-client-executor-22] com.alibaba.nacos.common.remote.client   : [0f406a5a-2b48-43b5-8666-4c28db91f546] Receive server push request, request = NotifySubscriberRequest, requestId = 5
10:27:43:111  INFO 13203 --- [nacos-grpc-client-executor-22] com.alibaba.nacos.common.remote.client   : [0f406a5a-2b48-43b5-8666-4c28db91f546] Ack server push request, request = NotifySubscriberRequest, requestId = 5
10:27:44:498 DEBUG 13203 --- [http-nio-8082-exec-2] c.h.cart.mapper.CartMapper.selectList    : ==>  Preparing: SELECT id,user_id,item_id,num,name,spec,price,image,create_time,update_time FROM cart WHERE (user_id = ?)
10:27:44:499 DEBUG 13203 --- [http-nio-8082-exec-2] c.h.cart.mapper.CartMapper.selectList    : ==> Parameters: 1(Long)
10:27:44:503 DEBUG 13203 --- [http-nio-8082-exec-2] c.h.cart.mapper.CartMapper.selectList    : <==      Total: 1
10:27:45:462 DEBUG 13203 --- [http-nio-8082-exec-3] c.h.cart.mapper.CartMapper.selectList    : ==>  Preparing: SELECT id,user_id,item_id,num,name,spec,price,image,create_time,update_time FROM cart WHERE (user_id = ?)
10:27:45:463 DEBUG 13203 --- [http-nio-8082-exec-3] c.h.cart.mapper.CartMapper.selectList    : ==> Parameters: 1(Long)
10:27:45:466 DEBUG 13203 --- [http-nio-8082-exec-3] c.h.cart.mapper.CartMapper.selectList    : <==      Total: 1
10:27:45:907 DEBUG 13203 --- [http-nio-8082-exec-4] c.h.cart.mapper.CartMapper.selectList    : ==>  Preparing: SELECT id,user_id,item_id,num,name,spec,price,image,create_time,update_time FROM cart WHERE (user_id = ?)
10:27:45:908 DEBUG 13203 --- [http-nio-8082-exec-4] c.h.cart.mapper.CartMapper.selectList    : ==> Parameters: 1(Long)
10:27:45:912 DEBUG 13203 --- [http-nio-8082-exec-4] c.h.cart.mapper.CartMapper.selectList    : <==      Total: 1
10:27:46:330 DEBUG 13203 --- [http-nio-8082-exec-5] c.h.cart.mapper.CartMapper.selectList    : ==>  Preparing: SELECT id,user_id,item_id,num,name,spec,price,image,create_time,update_time FROM cart WHERE (user_id = ?)
10:27:46:330 DEBUG 13203 --- [http-nio-8082-exec-5] c.h.cart.mapper.CartMapper.selectList    : ==> Parameters: 1(Long)
10:27:46:335 DEBUG 13203 --- [http-nio-8082-exec-5] c.h.cart.mapper.CartMapper.selectList    : <==      Total: 1
10:28:07:146 DEBUG 13203 --- [http-nio-8082-exec-6] c.h.cart.mapper.CartMapper.selectList    : ==>  Preparing: SELECT id,user_id,item_id,num,name,spec,price,image,create_time,update_time FROM cart WHERE (user_id = ?)
10:28:07:147 DEBUG 13203 --- [http-nio-8082-exec-6] c.h.cart.mapper.CartMapper.selectList    : ==> Parameters: 1(Long)
10:28:07:152 DEBUG 13203 --- [http-nio-8082-exec-6] c.h.cart.mapper.CartMapper.selectList    : <==      Total: 1
10:56:04:001  INFO 13203 --- [nacos-grpc-client-executor-508] com.alibaba.nacos.common.remote.client   : [0f406a5a-2b48-43b5-8666-4c28db91f546] Receive server push request, request = NotifySubscriberRequest, requestId = 7
10:56:04:006  INFO 13203 --- [nacos-grpc-client-executor-508] com.alibaba.nacos.common.remote.client   : [0f406a5a-2b48-43b5-8666-4c28db91f546] Ack server push request, request = NotifySubscriberRequest, requestId = 7
10:56:09:262  INFO 13203 --- [nacos-grpc-client-executor-509] com.alibaba.nacos.common.remote.client   : [0f406a5a-2b48-43b5-8666-4c28db91f546] Receive server push request, request = NotifySubscriberRequest, requestId = 8
10:56:09:265  INFO 13203 --- [nacos-grpc-client-executor-509] com.alibaba.nacos.common.remote.client   : [0f406a5a-2b48-43b5-8666-4c28db91f546] Ack server push request, request = NotifySubscriberRequest, requestId = 8
10:56:15:801  INFO 13203 --- [nacos-grpc-client-executor-510] com.alibaba.nacos.common.remote.client   : [0f406a5a-2b48-43b5-8666-4c28db91f546] Receive server push request, request = NotifySubscriberRequest, requestId = 10
10:56:15:804  INFO 13203 --- [nacos-grpc-client-executor-510] com.alibaba.nacos.common.remote.client   : [0f406a5a-2b48-43b5-8666-4c28db91f546] Ack server push request, request = NotifySubscriberRequest, requestId = 10
10:56:16:255  WARN 13203 --- [Thread-4] c.a.nacos.common.notify.NotifyCenter     : [NotifyCenter] Start destroying Publisher
10:56:16:255  WARN 13203 --- [Thread-4] c.a.nacos.common.notify.NotifyCenter     : [NotifyCenter] Destruction of the end
10:56:16:259  WARN 13203 --- [Thread-7] c.a.n.common.http.HttpClientBeanHolder   : [HttpClientBeanHolder] Start destroying common HttpClient
10:56:16:260  WARN 13203 --- [Thread-7] c.a.n.common.http.HttpClientBeanHolder   : [HttpClientBeanHolder] Destruction of the end
10:56:16:449  INFO 13203 --- [SpringApplicationShutdownHook] c.a.c.n.registry.NacosServiceRegistry    : De-registering from Nacos Server now...
10:56:16:455  INFO 13203 --- [SpringApplicationShutdownHook] c.a.c.n.registry.NacosServiceRegistry    : De-registration finished.
10:56:16:765  INFO 13203 --- [SpringApplicationShutdownHook] com.alibaba.nacos.common.remote.client   : Shutdown rpc client, set status to shutdown
10:56:16:765  INFO 13203 --- [SpringApplicationShutdownHook] com.alibaba.nacos.common.remote.client   : Shutdown client event executor java.util.concurrent.ScheduledThreadPoolExecutor@794707c1[Running, pool size = 2, active threads = 2, queued tasks = 0, completed tasks = 0]
10:56:16:765  INFO 13203 --- [SpringApplicationShutdownHook] com.alibaba.nacos.common.remote.client   : Close current connection 1746152840543_172.16.196.1_52354
10:56:16:769  INFO 13203 --- [nacos-grpc-client-executor-514] c.a.n.c.remote.client.grpc.GrpcClient    : [1746152840543_172.16.196.1_52354]Ignore complete event,isRunning:false,isAbandon=false
10:56:16:777  INFO 13203 --- [SpringApplicationShutdownHook] c.a.n.c.remote.client.grpc.GrpcClient    : Shutdown grpc executor java.util.concurrent.ThreadPoolExecutor@c404821[Running, pool size = 6, active threads = 0, queued tasks = 0, completed tasks = 515]
10:56:16:786  INFO 13203 --- [SpringApplicationShutdownHook] com.zaxxer.hikari.HikariDataSource       : HikariPool-1 - Shutdown initiated...
10:56:16:829  INFO 13203 --- [SpringApplicationShutdownHook] com.zaxxer.hikari.HikariDataSource       : HikariPool-1 - Shutdown completed.
10:56:22:893  INFO 14153 --- [main] com.hmall.cart.CartApplication           : Starting CartApplication using Java 11.0.27 on macdeMacBook-Pro.local with PID 14153 (/Users/mac/Projects/hmall/Cart-service/target/classes started by mac in /Users/mac/Projects/hmall)
10:56:22:897 DEBUG 14153 --- [main] com.hmall.cart.CartApplication           : Running with Spring Boot v2.7.12, Spring v5.3.27
10:56:22:898  INFO 14153 --- [main] com.hmall.cart.CartApplication           : The following 1 profile is active: "local"
10:56:24:036  INFO 14153 --- [main] .s.d.r.c.RepositoryConfigurationDelegate : Multiple Spring Data modules found, entering strict repository configuration mode
10:56:24:039  INFO 14153 --- [main] .s.d.r.c.RepositoryConfigurationDelegate : Bootstrapping Spring Data Redis repositories in DEFAULT mode.
10:56:24:065  INFO 14153 --- [main] .s.d.r.c.RepositoryConfigurationDelegate : Finished Spring Data repository scanning in 7 ms. Found 0 Redis repository interfaces.
10:56:24:331  INFO 14153 --- [main] o.s.cloud.context.scope.GenericScope     : BeanFactory id=f26b3934-cff1-38e6-b8a6-8591f7960b08
10:56:24:755  INFO 14153 --- [main] o.s.b.w.embedded.tomcat.TomcatWebServer  : Tomcat initialized with port(s): 8082 (http)
10:56:24:764  INFO 14153 --- [main] o.apache.catalina.core.StandardService   : Starting service [Tomcat]
10:56:24:765  INFO 14153 --- [main] org.apache.catalina.core.StandardEngine  : Starting Servlet engine: [Apache Tomcat/9.0.75]
10:56:25:007  INFO 14153 --- [main] o.a.c.c.C.[Tomcat].[localhost].[/]       : Initializing Spring embedded WebApplicationContext
10:56:25:008  INFO 14153 --- [main] w.s.c.ServletWebServerApplicationContext : Root WebApplicationContext: initialization completed in 2047 ms
10:56:25:369  INFO 14153 --- [main] o.s.c.openfeign.FeignClientFactoryBean   : For 'item-service' URL not provided. Will try picking an instance via load-balancing.
10:56:26:332  INFO 14153 --- [main] pertySourcedRequestMappingHandlerMapping : Mapped URL path [/v2/api-docs] onto method [springfox.documentation.swagger2.web.Swagger2ControllerWebMvc#getDocumentation(String, HttpServletRequest)]
10:56:26:953  INFO 14153 --- [main] com.alibaba.nacos.common.remote.client   : [RpcClientFactory] create a new rpc client of fc1e524d-8edc-43b3-8a15-01689a6cdc36
10:56:27:005  INFO 14153 --- [main] org.reflections.Reflections              : Reflections took 29 ms to scan 1 urls, producing 3 keys and 6 values 
10:56:27:034  INFO 14153 --- [main] org.reflections.Reflections              : Reflections took 13 ms to scan 1 urls, producing 4 keys and 9 values 
10:56:27:048  INFO 14153 --- [main] org.reflections.Reflections              : Reflections took 11 ms to scan 1 urls, producing 3 keys and 10 values 
10:56:27:051  WARN 14153 --- [main] org.reflections.Reflections              : given scan urls are empty. set urls in the configuration
10:56:27:063  INFO 14153 --- [main] org.reflections.Reflections              : Reflections took 12 ms to scan 1 urls, producing 1 keys and 5 values 
10:56:27:116  INFO 14153 --- [main] org.reflections.Reflections              : Reflections took 50 ms to scan 1 urls, producing 1 keys and 7 values 
10:56:27:128  INFO 14153 --- [main] org.reflections.Reflections              : Reflections took 9 ms to scan 1 urls, producing 2 keys and 8 values 
10:56:27:130  WARN 14153 --- [main] org.reflections.Reflections              : given scan urls are empty. set urls in the configuration
10:56:27:131  INFO 14153 --- [main] com.alibaba.nacos.common.remote.client   : [fc1e524d-8edc-43b3-8a15-01689a6cdc36] RpcClient init label, labels = {module=naming, source=sdk}
10:56:27:134  INFO 14153 --- [main] com.alibaba.nacos.common.remote.client   : [fc1e524d-8edc-43b3-8a15-01689a6cdc36] RpcClient init, ServerListFactory = com.alibaba.nacos.client.naming.core.ServerListManager
10:56:27:134  INFO 14153 --- [main] com.alibaba.nacos.common.remote.client   : [fc1e524d-8edc-43b3-8a15-01689a6cdc36] Registry connection listener to current client:com.alibaba.nacos.client.naming.remote.gprc.redo.NamingGrpcRedoService
10:56:27:135  INFO 14153 --- [main] com.alibaba.nacos.common.remote.client   : [fc1e524d-8edc-43b3-8a15-01689a6cdc36] Register server push request handler:com.alibaba.nacos.client.naming.remote.gprc.NamingPushRequestHandler
10:56:27:137  INFO 14153 --- [main] com.alibaba.nacos.common.remote.client   : [fc1e524d-8edc-43b3-8a15-01689a6cdc36] Try to connect to server on start up, server: {serverIp = '172.16.196.130', server main port = 8848}
10:56:27:844  INFO 14153 --- [main] com.alibaba.nacos.common.remote.client   : [fc1e524d-8edc-43b3-8a15-01689a6cdc36] Success to connect to server [172.16.196.130:8848] on start up, connectionId = 1746154587667_172.16.196.1_52827
10:56:27:846  INFO 14153 --- [com.alibaba.nacos.client.remote.worker] com.alibaba.nacos.common.remote.client   : [fc1e524d-8edc-43b3-8a15-01689a6cdc36] Notify connected event to listeners.
10:56:27:847  INFO 14153 --- [main] com.alibaba.nacos.common.remote.client   : [fc1e524d-8edc-43b3-8a15-01689a6cdc36] Register server push request handler:com.alibaba.nacos.common.remote.client.RpcClient$ConnectResetRequestHandler
10:56:27:850  INFO 14153 --- [main] com.alibaba.nacos.common.remote.client   : [fc1e524d-8edc-43b3-8a15-01689a6cdc36] Register server push request handler:com.alibaba.nacos.common.remote.client.RpcClient$$Lambda$1146/0x00000008406e4840
10:56:27:951  INFO 14153 --- [main] o.s.b.w.embedded.tomcat.TomcatWebServer  : Tomcat started on port(s): 8082 (http) with context path ''
10:56:27:962  INFO 14153 --- [main] c.a.c.n.registry.NacosServiceRegistry    : nacos registry, DEFAULT_GROUP cart-service 192.168.2.102:8082 register finished
10:56:27:967  INFO 14153 --- [main] d.s.w.p.DocumentationPluginsBootstrapper : Documentation plugins bootstrapped
10:56:27:970  INFO 14153 --- [main] d.s.w.p.DocumentationPluginsBootstrapper : Found 1 custom documentation plugin(s)
10:56:27:993  INFO 14153 --- [main] s.d.s.w.s.ApiListingReferenceScanner     : Scanning for api listing references
10:56:28:158  INFO 14153 --- [main] com.hmall.cart.CartApplication           : Started CartApplication in 5.965 seconds (JVM running for 6.81)
10:56:28:505  INFO 14153 --- [nacos-grpc-client-executor-11] com.alibaba.nacos.common.remote.client   : [fc1e524d-8edc-43b3-8a15-01689a6cdc36] Receive server push request, request = NotifySubscriberRequest, requestId = 13
10:56:28:508  INFO 14153 --- [nacos-grpc-client-executor-11] com.alibaba.nacos.common.remote.client   : [fc1e524d-8edc-43b3-8a15-01689a6cdc36] Ack server push request, request = NotifySubscriberRequest, requestId = 13
10:56:50:650  INFO 14153 --- [http-nio-8082-exec-1] o.a.c.c.C.[Tomcat].[localhost].[/]       : Initializing Spring DispatcherServlet 'dispatcherServlet'
10:56:50:650  INFO 14153 --- [http-nio-8082-exec-1] o.s.web.servlet.DispatcherServlet        : Initializing Servlet 'dispatcherServlet'
10:56:50:653  INFO 14153 --- [http-nio-8082-exec-1] o.s.web.servlet.DispatcherServlet        : Completed initialization in 3 ms
10:56:50:914  INFO 14153 --- [http-nio-8082-exec-1] com.zaxxer.hikari.HikariDataSource       : HikariPool-1 - Starting...
10:56:51:350  INFO 14153 --- [http-nio-8082-exec-1] com.zaxxer.hikari.HikariDataSource       : HikariPool-1 - Start completed.
10:56:51:365 DEBUG 14153 --- [http-nio-8082-exec-1] c.h.cart.mapper.CartMapper.selectList    : ==>  Preparing: SELECT id,user_id,item_id,num,name,spec,price,image,create_time,update_time FROM cart WHERE (user_id = ?)
10:56:51:409 DEBUG 14153 --- [http-nio-8082-exec-1] c.h.cart.mapper.CartMapper.selectList    : ==> Parameters: 1(Long)
10:56:51:457 DEBUG 14153 --- [http-nio-8082-exec-1] c.h.cart.mapper.CartMapper.selectList    : <==      Total: 1
10:56:52:332  INFO 14153 --- [nacos-grpc-client-executor-22] com.alibaba.nacos.common.remote.client   : [fc1e524d-8edc-43b3-8a15-01689a6cdc36] Receive server push request, request = NotifySubscriberRequest, requestId = 14
10:56:52:333  INFO 14153 --- [nacos-grpc-client-executor-22] com.alibaba.nacos.common.remote.client   : [fc1e524d-8edc-43b3-8a15-01689a6cdc36] Ack server push request, request = NotifySubscriberRequest, requestId = 14
11:10:10:687  WARN 14153 --- [Thread-4] c.a.nacos.common.notify.NotifyCenter     : [NotifyCenter] Start destroying Publisher
11:10:10:690  WARN 14153 --- [Thread-4] c.a.nacos.common.notify.NotifyCenter     : [NotifyCenter] Destruction of the end
11:10:10:689  WARN 14153 --- [Thread-7] c.a.n.common.http.HttpClientBeanHolder   : [HttpClientBeanHolder] Start destroying common HttpClient
11:10:10:692  WARN 14153 --- [Thread-7] c.a.n.common.http.HttpClientBeanHolder   : [HttpClientBeanHolder] Destruction of the end
11:10:10:820  INFO 14153 --- [SpringApplicationShutdownHook] c.a.c.n.registry.NacosServiceRegistry    : De-registering from Nacos Server now...
11:10:10:825  INFO 14153 --- [SpringApplicationShutdownHook] c.a.c.n.registry.NacosServiceRegistry    : De-registration finished.
11:10:11:132  INFO 14153 --- [SpringApplicationShutdownHook] com.alibaba.nacos.common.remote.client   : Shutdown rpc client, set status to shutdown
11:10:11:132  INFO 14153 --- [SpringApplicationShutdownHook] com.alibaba.nacos.common.remote.client   : Shutdown client event executor java.util.concurrent.ScheduledThreadPoolExecutor@4985ae3d[Running, pool size = 2, active threads = 2, queued tasks = 0, completed tasks = 0]
11:10:11:133  INFO 14153 --- [SpringApplicationShutdownHook] com.alibaba.nacos.common.remote.client   : Close current connection 1746154587667_172.16.196.1_52827
11:10:11:135  INFO 14153 --- [nacos-grpc-client-executor-298] c.a.n.c.remote.client.grpc.GrpcClient    : [1746154587667_172.16.196.1_52827]Ignore complete event,isRunning:false,isAbandon=false
11:10:11:142  INFO 14153 --- [SpringApplicationShutdownHook] c.a.n.c.remote.client.grpc.GrpcClient    : Shutdown grpc executor java.util.concurrent.ThreadPoolExecutor@1a2fbdfe[Running, pool size = 7, active threads = 0, queued tasks = 0, completed tasks = 299]
11:10:11:150  INFO 14153 --- [SpringApplicationShutdownHook] com.zaxxer.hikari.HikariDataSource       : HikariPool-1 - Shutdown initiated...
11:10:11:178  INFO 14153 --- [SpringApplicationShutdownHook] com.zaxxer.hikari.HikariDataSource       : HikariPool-1 - Shutdown completed.
11:10:22:422  INFO 14598 --- [main] com.hmall.cart.CartApplication           : Starting CartApplication using Java 11.0.27 on macdeMacBook-Pro.local with PID 14598 (/Users/mac/Projects/hmall/Cart-service/target/classes started by mac in /Users/mac/Projects/hmall)
11:10:22:424 DEBUG 14598 --- [main] com.hmall.cart.CartApplication           : Running with Spring Boot v2.7.12, Spring v5.3.27
11:10:22:425  INFO 14598 --- [main] com.hmall.cart.CartApplication           : The following 1 profile is active: "local"
11:10:23:728  INFO 14598 --- [main] .s.d.r.c.RepositoryConfigurationDelegate : Multiple Spring Data modules found, entering strict repository configuration mode
11:10:23:731  INFO 14598 --- [main] .s.d.r.c.RepositoryConfigurationDelegate : Bootstrapping Spring Data Redis repositories in DEFAULT mode.
11:10:23:760  INFO 14598 --- [main] .s.d.r.c.RepositoryConfigurationDelegate : Finished Spring Data repository scanning in 9 ms. Found 0 Redis repository interfaces.
11:10:24:121  INFO 14598 --- [main] o.s.cloud.context.scope.GenericScope     : BeanFactory id=c2f4bd8d-9661-3bad-b022-c851d0693b61
11:10:24:708  INFO 14598 --- [main] o.s.b.w.embedded.tomcat.TomcatWebServer  : Tomcat initialized with port(s): 8082 (http)
11:10:24:718  INFO 14598 --- [main] o.apache.catalina.core.StandardService   : Starting service [Tomcat]
11:10:24:718  INFO 14598 --- [main] org.apache.catalina.core.StandardEngine  : Starting Servlet engine: [Apache Tomcat/9.0.75]
11:10:24:866  INFO 14598 --- [main] o.a.c.c.C.[Tomcat].[localhost].[/]       : Initializing Spring embedded WebApplicationContext
11:10:24:866  INFO 14598 --- [main] w.s.c.ServletWebServerApplicationContext : Root WebApplicationContext: initialization completed in 2391 ms
11:10:25:231  INFO 14598 --- [main] o.s.c.openfeign.FeignClientFactoryBean   : For 'item-service' URL not provided. Will try picking an instance via load-balancing.
11:10:26:306  INFO 14598 --- [main] pertySourcedRequestMappingHandlerMapping : Mapped URL path [/v2/api-docs] onto method [springfox.documentation.swagger2.web.Swagger2ControllerWebMvc#getDocumentation(String, HttpServletRequest)]
11:10:27:090  INFO 14598 --- [main] com.alibaba.nacos.common.remote.client   : [RpcClientFactory] create a new rpc client of 52b90f9d-b85a-4cad-82fa-543e2d34d728
11:10:27:167  INFO 14598 --- [main] org.reflections.Reflections              : Reflections took 44 ms to scan 1 urls, producing 3 keys and 6 values 
11:10:27:235  INFO 14598 --- [main] org.reflections.Reflections              : Reflections took 10 ms to scan 1 urls, producing 4 keys and 9 values 
11:10:27:246  INFO 14598 --- [main] org.reflections.Reflections              : Reflections took 9 ms to scan 1 urls, producing 3 keys and 10 values 
11:10:27:248  WARN 14598 --- [main] org.reflections.Reflections              : given scan urls are empty. set urls in the configuration
11:10:27:257  INFO 14598 --- [main] org.reflections.Reflections              : Reflections took 8 ms to scan 1 urls, producing 1 keys and 5 values 
11:10:27:269  INFO 14598 --- [main] org.reflections.Reflections              : Reflections took 9 ms to scan 1 urls, producing 1 keys and 7 values 
11:10:27:281  INFO 14598 --- [main] org.reflections.Reflections              : Reflections took 10 ms to scan 1 urls, producing 2 keys and 8 values 
11:10:27:284  WARN 14598 --- [main] org.reflections.Reflections              : given scan urls are empty. set urls in the configuration
11:10:27:285  INFO 14598 --- [main] com.alibaba.nacos.common.remote.client   : [52b90f9d-b85a-4cad-82fa-543e2d34d728] RpcClient init label, labels = {module=naming, source=sdk}
11:10:27:288  INFO 14598 --- [main] com.alibaba.nacos.common.remote.client   : [52b90f9d-b85a-4cad-82fa-543e2d34d728] RpcClient init, ServerListFactory = com.alibaba.nacos.client.naming.core.ServerListManager
11:10:27:288  INFO 14598 --- [main] com.alibaba.nacos.common.remote.client   : [52b90f9d-b85a-4cad-82fa-543e2d34d728] Registry connection listener to current client:com.alibaba.nacos.client.naming.remote.gprc.redo.NamingGrpcRedoService
11:10:27:289  INFO 14598 --- [main] com.alibaba.nacos.common.remote.client   : [52b90f9d-b85a-4cad-82fa-543e2d34d728] Register server push request handler:com.alibaba.nacos.client.naming.remote.gprc.NamingPushRequestHandler
11:10:27:290  INFO 14598 --- [main] com.alibaba.nacos.common.remote.client   : [52b90f9d-b85a-4cad-82fa-543e2d34d728] Try to connect to server on start up, server: {serverIp = '172.16.196.130', server main port = 8848}
11:10:28:216  INFO 14598 --- [main] com.alibaba.nacos.common.remote.client   : [52b90f9d-b85a-4cad-82fa-543e2d34d728] Success to connect to server [172.16.196.130:8848] on start up, connectionId = 1746155428040_172.16.196.1_53032
11:10:28:217  INFO 14598 --- [com.alibaba.nacos.client.remote.worker] com.alibaba.nacos.common.remote.client   : [52b90f9d-b85a-4cad-82fa-543e2d34d728] Notify connected event to listeners.
11:10:28:218  INFO 14598 --- [main] com.alibaba.nacos.common.remote.client   : [52b90f9d-b85a-4cad-82fa-543e2d34d728] Register server push request handler:com.alibaba.nacos.common.remote.client.RpcClient$ConnectResetRequestHandler
11:10:28:219  INFO 14598 --- [main] com.alibaba.nacos.common.remote.client   : [52b90f9d-b85a-4cad-82fa-543e2d34d728] Register server push request handler:com.alibaba.nacos.common.remote.client.RpcClient$$Lambda$1158/0x000000084081f840
11:10:28:330  INFO 14598 --- [main] o.s.b.w.embedded.tomcat.TomcatWebServer  : Tomcat started on port(s): 8082 (http) with context path ''
11:10:28:347  INFO 14598 --- [main] c.a.c.n.registry.NacosServiceRegistry    : nacos registry, DEFAULT_GROUP cart-service 192.168.2.102:8082 register finished
11:10:28:353  INFO 14598 --- [main] d.s.w.p.DocumentationPluginsBootstrapper : Documentation plugins bootstrapped
11:10:28:358  INFO 14598 --- [main] d.s.w.p.DocumentationPluginsBootstrapper : Found 1 custom documentation plugin(s)
11:10:28:395  INFO 14598 --- [main] s.d.s.w.s.ApiListingReferenceScanner     : Scanning for api listing references
11:10:28:626  INFO 14598 --- [main] com.hmall.cart.CartApplication           : Started CartApplication in 7.144 seconds (JVM running for 8.045)
11:10:28:834  INFO 14598 --- [nacos-grpc-client-executor-11] com.alibaba.nacos.common.remote.client   : [52b90f9d-b85a-4cad-82fa-543e2d34d728] Receive server push request, request = NotifySubscriberRequest, requestId = 16
11:10:28:838  INFO 14598 --- [nacos-grpc-client-executor-11] com.alibaba.nacos.common.remote.client   : [52b90f9d-b85a-4cad-82fa-543e2d34d728] Ack server push request, request = NotifySubscriberRequest, requestId = 16
11:10:53:237  INFO 14598 --- [http-nio-8082-exec-2] o.a.c.c.C.[Tomcat].[localhost].[/]       : Initializing Spring DispatcherServlet 'dispatcherServlet'
11:10:53:238  INFO 14598 --- [http-nio-8082-exec-2] o.s.web.servlet.DispatcherServlet        : Initializing Servlet 'dispatcherServlet'
11:10:53:239  INFO 14598 --- [http-nio-8082-exec-2] o.s.web.servlet.DispatcherServlet        : Completed initialization in 1 ms
11:10:53:361  INFO 14598 --- [http-nio-8082-exec-2] com.zaxxer.hikari.HikariDataSource       : HikariPool-1 - Starting...
11:10:53:621  INFO 14598 --- [http-nio-8082-exec-2] com.zaxxer.hikari.HikariDataSource       : HikariPool-1 - Start completed.
11:10:53:627 DEBUG 14598 --- [http-nio-8082-exec-2] c.h.cart.mapper.CartMapper.selectList    : ==>  Preparing: SELECT id,user_id,item_id,num,name,spec,price,image,create_time,update_time FROM cart WHERE (user_id = ?)
11:10:53:649 DEBUG 14598 --- [http-nio-8082-exec-2] c.h.cart.mapper.CartMapper.selectList    : ==> Parameters: 1(Long)
11:10:53:670 DEBUG 14598 --- [http-nio-8082-exec-2] c.h.cart.mapper.CartMapper.selectList    : <==      Total: 1
11:10:54:351  INFO 14598 --- [nacos-grpc-client-executor-27] com.alibaba.nacos.common.remote.client   : [52b90f9d-b85a-4cad-82fa-543e2d34d728] Receive server push request, request = NotifySubscriberRequest, requestId = 19
11:10:54:351  INFO 14598 --- [nacos-grpc-client-executor-27] com.alibaba.nacos.common.remote.client   : [52b90f9d-b85a-4cad-82fa-543e2d34d728] Ack server push request, request = NotifySubscriberRequest, requestId = 19
11:28:31:246  WARN 14598 --- [Thread-7] c.a.n.common.http.HttpClientBeanHolder   : [HttpClientBeanHolder] Start destroying common HttpClient
11:28:31:243  WARN 14598 --- [Thread-4] c.a.nacos.common.notify.NotifyCenter     : [NotifyCenter] Start destroying Publisher
11:28:31:249  WARN 14598 --- [Thread-4] c.a.nacos.common.notify.NotifyCenter     : [NotifyCenter] Destruction of the end
11:28:31:251  WARN 14598 --- [Thread-7] c.a.n.common.http.HttpClientBeanHolder   : [HttpClientBeanHolder] Destruction of the end
11:28:31:417  INFO 14598 --- [SpringApplicationShutdownHook] c.a.c.n.registry.NacosServiceRegistry    : De-registering from Nacos Server now...
11:28:31:423  INFO 14598 --- [SpringApplicationShutdownHook] c.a.c.n.registry.NacosServiceRegistry    : De-registration finished.
11:28:31:730  INFO 14598 --- [SpringApplicationShutdownHook] com.alibaba.nacos.common.remote.client   : Shutdown rpc client, set status to shutdown
11:28:31:730  INFO 14598 --- [SpringApplicationShutdownHook] com.alibaba.nacos.common.remote.client   : Shutdown client event executor java.util.concurrent.ScheduledThreadPoolExecutor@26be646d[Running, pool size = 2, active threads = 2, queued tasks = 0, completed tasks = 0]
11:28:31:730  INFO 14598 --- [SpringApplicationShutdownHook] com.alibaba.nacos.common.remote.client   : Close current connection 1746155428040_172.16.196.1_53032
11:28:31:732  INFO 14598 --- [nacos-grpc-client-executor-372] c.a.n.c.remote.client.grpc.GrpcClient    : [1746155428040_172.16.196.1_53032]Ignore complete event,isRunning:false,isAbandon=false
11:28:31:738  INFO 14598 --- [SpringApplicationShutdownHook] c.a.n.c.remote.client.grpc.GrpcClient    : Shutdown grpc executor java.util.concurrent.ThreadPoolExecutor@f7a8e06[Running, pool size = 8, active threads = 0, queued tasks = 0, completed tasks = 373]
11:28:31:746  INFO 14598 --- [SpringApplicationShutdownHook] com.zaxxer.hikari.HikariDataSource       : HikariPool-1 - Shutdown initiated...
11:28:31:772  INFO 14598 --- [SpringApplicationShutdownHook] com.zaxxer.hikari.HikariDataSource       : HikariPool-1 - Shutdown completed.
11:28:43:462  INFO 15237 --- [main] com.hmall.cart.CartApplication           : Starting CartApplication using Java 11.0.27 on macdeMacBook-Pro.local with PID 15237 (/Users/mac/Projects/hmall/Cart-service/target/classes started by mac in /Users/mac/Projects/hmall)
11:28:43:464 DEBUG 15237 --- [main] com.hmall.cart.CartApplication           : Running with Spring Boot v2.7.12, Spring v5.3.27
11:28:43:465  INFO 15237 --- [main] com.hmall.cart.CartApplication           : The following 1 profile is active: "local"
11:28:44:480  INFO 15237 --- [main] .s.d.r.c.RepositoryConfigurationDelegate : Multiple Spring Data modules found, entering strict repository configuration mode
11:28:44:482  INFO 15237 --- [main] .s.d.r.c.RepositoryConfigurationDelegate : Bootstrapping Spring Data Redis repositories in DEFAULT mode.
11:28:44:506  INFO 15237 --- [main] .s.d.r.c.RepositoryConfigurationDelegate : Finished Spring Data repository scanning in 7 ms. Found 0 Redis repository interfaces.
11:28:44:791  INFO 15237 --- [main] o.s.cloud.context.scope.GenericScope     : BeanFactory id=052a1c69-dd70-3b1a-b51b-3fd0f062045f
11:28:45:282  INFO 15237 --- [main] o.s.b.w.embedded.tomcat.TomcatWebServer  : Tomcat initialized with port(s): 8082 (http)
11:28:45:290  INFO 15237 --- [main] o.apache.catalina.core.StandardService   : Starting service [Tomcat]
11:28:45:290  INFO 15237 --- [main] org.apache.catalina.core.StandardEngine  : Starting Servlet engine: [Apache Tomcat/9.0.75]
11:28:45:439  INFO 15237 --- [main] o.a.c.c.C.[Tomcat].[localhost].[/]       : Initializing Spring embedded WebApplicationContext
11:28:45:439  INFO 15237 --- [main] w.s.c.ServletWebServerApplicationContext : Root WebApplicationContext: initialization completed in 1929 ms
11:28:45:737  INFO 15237 --- [main] o.s.c.openfeign.FeignClientFactoryBean   : For 'item-service' URL not provided. Will try picking an instance via load-balancing.
11:28:47:330  INFO 15237 --- [main] pertySourcedRequestMappingHandlerMapping : Mapped URL path [/v2/api-docs] onto method [springfox.documentation.swagger2.web.Swagger2ControllerWebMvc#getDocumentation(String, HttpServletRequest)]
11:28:48:209  INFO 15237 --- [main] com.alibaba.nacos.common.remote.client   : [RpcClientFactory] create a new rpc client of 6e8f5fce-e678-4fd5-acd5-e55001a04ae8
11:28:48:274  INFO 15237 --- [main] org.reflections.Reflections              : Reflections took 33 ms to scan 1 urls, producing 3 keys and 6 values 
11:28:48:311  INFO 15237 --- [main] org.reflections.Reflections              : Reflections took 16 ms to scan 1 urls, producing 4 keys and 9 values 
11:28:48:331  INFO 15237 --- [main] org.reflections.Reflections              : Reflections took 17 ms to scan 1 urls, producing 3 keys and 10 values 
11:28:48:334  WARN 15237 --- [main] org.reflections.Reflections              : given scan urls are empty. set urls in the configuration
11:28:48:345  INFO 15237 --- [main] org.reflections.Reflections              : Reflections took 11 ms to scan 1 urls, producing 1 keys and 5 values 
11:28:48:357  INFO 15237 --- [main] org.reflections.Reflections              : Reflections took 8 ms to scan 1 urls, producing 1 keys and 7 values 
11:28:48:366  INFO 15237 --- [main] org.reflections.Reflections              : Reflections took 7 ms to scan 1 urls, producing 2 keys and 8 values 
11:28:48:368  WARN 15237 --- [main] org.reflections.Reflections              : given scan urls are empty. set urls in the configuration
11:28:48:369  INFO 15237 --- [main] com.alibaba.nacos.common.remote.client   : [6e8f5fce-e678-4fd5-acd5-e55001a04ae8] RpcClient init label, labels = {module=naming, source=sdk}
11:28:48:372  INFO 15237 --- [main] com.alibaba.nacos.common.remote.client   : [6e8f5fce-e678-4fd5-acd5-e55001a04ae8] RpcClient init, ServerListFactory = com.alibaba.nacos.client.naming.core.ServerListManager
11:28:48:372  INFO 15237 --- [main] com.alibaba.nacos.common.remote.client   : [6e8f5fce-e678-4fd5-acd5-e55001a04ae8] Registry connection listener to current client:com.alibaba.nacos.client.naming.remote.gprc.redo.NamingGrpcRedoService
11:28:48:373  INFO 15237 --- [main] com.alibaba.nacos.common.remote.client   : [6e8f5fce-e678-4fd5-acd5-e55001a04ae8] Register server push request handler:com.alibaba.nacos.client.naming.remote.gprc.NamingPushRequestHandler
11:28:48:375  INFO 15237 --- [main] com.alibaba.nacos.common.remote.client   : [6e8f5fce-e678-4fd5-acd5-e55001a04ae8] Try to connect to server on start up, server: {serverIp = '172.16.196.130', server main port = 8848}
11:28:49:136  INFO 15237 --- [main] com.alibaba.nacos.common.remote.client   : [6e8f5fce-e678-4fd5-acd5-e55001a04ae8] Success to connect to server [172.16.196.130:8848] on start up, connectionId = 1746156528944_172.16.196.1_53280
11:28:49:136  INFO 15237 --- [com.alibaba.nacos.client.remote.worker] com.alibaba.nacos.common.remote.client   : [6e8f5fce-e678-4fd5-acd5-e55001a04ae8] Notify connected event to listeners.
11:28:49:137  INFO 15237 --- [main] com.alibaba.nacos.common.remote.client   : [6e8f5fce-e678-4fd5-acd5-e55001a04ae8] Register server push request handler:com.alibaba.nacos.common.remote.client.RpcClient$ConnectResetRequestHandler
11:28:49:138  INFO 15237 --- [main] com.alibaba.nacos.common.remote.client   : [6e8f5fce-e678-4fd5-acd5-e55001a04ae8] Register server push request handler:com.alibaba.nacos.common.remote.client.RpcClient$$Lambda$1158/0x000000084081f840
11:28:49:221  INFO 15237 --- [main] o.s.b.w.embedded.tomcat.TomcatWebServer  : Tomcat started on port(s): 8082 (http) with context path ''
11:28:49:234  INFO 15237 --- [main] c.a.c.n.registry.NacosServiceRegistry    : nacos registry, DEFAULT_GROUP cart-service 192.168.2.102:8082 register finished
11:28:49:240  INFO 15237 --- [main] d.s.w.p.DocumentationPluginsBootstrapper : Documentation plugins bootstrapped
11:28:49:242  INFO 15237 --- [main] d.s.w.p.DocumentationPluginsBootstrapper : Found 1 custom documentation plugin(s)
11:28:49:264  INFO 15237 --- [main] s.d.s.w.s.ApiListingReferenceScanner     : Scanning for api listing references
11:28:49:364  INFO 15237 --- [main] com.hmall.cart.CartApplication           : Started CartApplication in 6.534 seconds (JVM running for 8.23)
11:28:49:709  INFO 15237 --- [nacos-grpc-client-executor-11] com.alibaba.nacos.common.remote.client   : [6e8f5fce-e678-4fd5-acd5-e55001a04ae8] Receive server push request, request = NotifySubscriberRequest, requestId = 21
11:28:49:714  INFO 15237 --- [nacos-grpc-client-executor-11] com.alibaba.nacos.common.remote.client   : [6e8f5fce-e678-4fd5-acd5-e55001a04ae8] Ack server push request, request = NotifySubscriberRequest, requestId = 21
11:29:00:646  INFO 15237 --- [http-nio-8082-exec-1] o.a.c.c.C.[Tomcat].[localhost].[/]       : Initializing Spring DispatcherServlet 'dispatcherServlet'
11:29:00:647  INFO 15237 --- [http-nio-8082-exec-1] o.s.web.servlet.DispatcherServlet        : Initializing Servlet 'dispatcherServlet'
11:29:00:649  INFO 15237 --- [http-nio-8082-exec-1] o.s.web.servlet.DispatcherServlet        : Completed initialization in 2 ms
11:29:00:767  INFO 15237 --- [http-nio-8082-exec-1] com.zaxxer.hikari.HikariDataSource       : HikariPool-1 - Starting...
11:29:01:000  INFO 15237 --- [http-nio-8082-exec-1] com.zaxxer.hikari.HikariDataSource       : HikariPool-1 - Start completed.
11:29:01:004 DEBUG 15237 --- [http-nio-8082-exec-1] c.h.cart.mapper.CartMapper.selectList    : ==>  Preparing: SELECT id,user_id,item_id,num,name,spec,price,image,create_time,update_time FROM cart WHERE (user_id = ?)
11:29:01:024 DEBUG 15237 --- [http-nio-8082-exec-1] c.h.cart.mapper.CartMapper.selectList    : ==> Parameters: 1(Long)
11:29:01:043 DEBUG 15237 --- [http-nio-8082-exec-1] c.h.cart.mapper.CartMapper.selectList    : <==      Total: 1
11:29:01:764  INFO 15237 --- [nacos-grpc-client-executor-19] com.alibaba.nacos.common.remote.client   : [6e8f5fce-e678-4fd5-acd5-e55001a04ae8] Receive server push request, request = NotifySubscriberRequest, requestId = 24
11:29:01:765  INFO 15237 --- [nacos-grpc-client-executor-19] com.alibaba.nacos.common.remote.client   : [6e8f5fce-e678-4fd5-acd5-e55001a04ae8] Ack server push request, request = NotifySubscriberRequest, requestId = 24
