11:20:24:852  INFO 26396 --- [main] com.hmall.trade.TradeApplication         : Starting TradeApplication using Java 11.0.27 on macdeMacBook-Pro.local with PID 26396 (/Users/mac/Projects/hmall/Trade-service/target/classes started by mac in /Users/mac/Projects/hmall)
11:20:24:858 DEBUG 26396 --- [main] com.hmall.trade.TradeApplication         : Running with Spring Boot v2.7.12, Spring v5.3.27
11:20:24:858  INFO 26396 --- [main] com.hmall.trade.TradeApplication         : The following 1 profile is active: "local"
11:20:26:668  INFO 26396 --- [main] o.s.cloud.context.scope.GenericScope     : BeanFactory id=2a3c57c5-852b-3902-86c1-72c952394ab7
11:20:27:161  INFO 26396 --- [main] o.s.b.w.embedded.tomcat.TomcatWebServer  : Tomcat initialized with port(s): 8084 (http)
11:20:27:171  INFO 26396 --- [main] o.apache.catalina.core.StandardService   : Starting service [Tomcat]
11:20:27:171  INFO 26396 --- [main] org.apache.catalina.core.StandardEngine  : Starting Servlet engine: [Apache Tomcat/9.0.75]
11:20:27:345  INFO 26396 --- [main] o.a.c.c.C.[Tomcat].[localhost].[/]       : Initializing Spring embedded WebApplicationContext
11:20:27:345  INFO 26396 --- [main] w.s.c.ServletWebServerApplicationContext : Root WebApplicationContext: initialization completed in 2405 ms
11:20:27:702  INFO 26396 --- [main] o.s.c.openfeign.FeignClientFactoryBean   : For 'item-service' URL not provided. Will try picking an instance via load-balancing.
11:20:28:233  INFO 26396 --- [main] o.s.c.openfeign.FeignClientFactoryBean   : For 'cart-service' URL not provided. Will try picking an instance via load-balancing.
11:20:29:132  INFO 26396 --- [main] pertySourcedRequestMappingHandlerMapping : Mapped URL path [/v2/api-docs] onto method [springfox.documentation.swagger2.web.Swagger2ControllerWebMvc#getDocumentation(String, HttpServletRequest)]
11:20:29:739  INFO 26396 --- [main] com.alibaba.nacos.common.remote.client   : [RpcClientFactory] create a new rpc client of 7dd5a389-4f0a-44cd-9fa4-3ce206ff90ef
11:20:29:821  INFO 26396 --- [main] org.reflections.Reflections              : Reflections took 39 ms to scan 1 urls, producing 3 keys and 6 values 
11:20:29:854  INFO 26396 --- [main] org.reflections.Reflections              : Reflections took 13 ms to scan 1 urls, producing 4 keys and 9 values 
11:20:29:871  INFO 26396 --- [main] org.reflections.Reflections              : Reflections took 13 ms to scan 1 urls, producing 3 keys and 10 values 
11:20:29:874  WARN 26396 --- [main] org.reflections.Reflections              : given scan urls are empty. set urls in the configuration
11:20:29:886  INFO 26396 --- [main] org.reflections.Reflections              : Reflections took 11 ms to scan 1 urls, producing 1 keys and 5 values 
11:20:29:903  INFO 26396 --- [main] org.reflections.Reflections              : Reflections took 14 ms to scan 1 urls, producing 1 keys and 7 values 
11:20:29:925  INFO 26396 --- [main] org.reflections.Reflections              : Reflections took 18 ms to scan 1 urls, producing 2 keys and 8 values 
11:20:29:927  WARN 26396 --- [main] org.reflections.Reflections              : given scan urls are empty. set urls in the configuration
11:20:29:929  INFO 26396 --- [main] com.alibaba.nacos.common.remote.client   : [7dd5a389-4f0a-44cd-9fa4-3ce206ff90ef] RpcClient init label, labels = {module=naming, source=sdk}
11:20:29:931  INFO 26396 --- [main] com.alibaba.nacos.common.remote.client   : [7dd5a389-4f0a-44cd-9fa4-3ce206ff90ef] RpcClient init, ServerListFactory = com.alibaba.nacos.client.naming.core.ServerListManager
11:20:29:932  INFO 26396 --- [main] com.alibaba.nacos.common.remote.client   : [7dd5a389-4f0a-44cd-9fa4-3ce206ff90ef] Registry connection listener to current client:com.alibaba.nacos.client.naming.remote.gprc.redo.NamingGrpcRedoService
11:20:29:932  INFO 26396 --- [main] com.alibaba.nacos.common.remote.client   : [7dd5a389-4f0a-44cd-9fa4-3ce206ff90ef] Register server push request handler:com.alibaba.nacos.client.naming.remote.gprc.NamingPushRequestHandler
11:20:29:934  INFO 26396 --- [main] com.alibaba.nacos.common.remote.client   : [7dd5a389-4f0a-44cd-9fa4-3ce206ff90ef] Try to connect to server on start up, server: {serverIp = '172.16.196.131', server main port = 8848}
11:20:30:822  INFO 26396 --- [main] com.alibaba.nacos.common.remote.client   : [7dd5a389-4f0a-44cd-9fa4-3ce206ff90ef] Success to connect to server [172.16.196.131:8848] on start up, connectionId = 1746242430726_172.16.196.1_55240
11:20:30:823  INFO 26396 --- [com.alibaba.nacos.client.remote.worker] com.alibaba.nacos.common.remote.client   : [7dd5a389-4f0a-44cd-9fa4-3ce206ff90ef] Notify connected event to listeners.
11:20:30:824  INFO 26396 --- [main] com.alibaba.nacos.common.remote.client   : [7dd5a389-4f0a-44cd-9fa4-3ce206ff90ef] Register server push request handler:com.alibaba.nacos.common.remote.client.RpcClient$ConnectResetRequestHandler
11:20:30:826  INFO 26396 --- [main] com.alibaba.nacos.common.remote.client   : [7dd5a389-4f0a-44cd-9fa4-3ce206ff90ef] Register server push request handler:com.alibaba.nacos.common.remote.client.RpcClient$$Lambda$1005/0x0000000840728440
11:20:30:911  INFO 26396 --- [main] o.s.b.w.embedded.tomcat.TomcatWebServer  : Tomcat started on port(s): 8084 (http) with context path ''
11:20:30:924  INFO 26396 --- [main] c.a.c.n.registry.NacosServiceRegistry    : nacos registry, DEFAULT_GROUP trade-service 192.168.2.102:8084 register finished
11:20:30:930  INFO 26396 --- [main] d.s.w.p.DocumentationPluginsBootstrapper : Documentation plugins bootstrapped
11:20:30:932  INFO 26396 --- [main] d.s.w.p.DocumentationPluginsBootstrapper : Found 1 custom documentation plugin(s)
11:20:30:956  INFO 26396 --- [main] s.d.s.w.s.ApiListingReferenceScanner     : Scanning for api listing references
11:20:31:047  INFO 26396 --- [main] com.hmall.trade.TradeApplication         : Started TradeApplication in 7.192 seconds (JVM running for 8.16)
11:20:31:405  INFO 26396 --- [nacos-grpc-client-executor-11] com.alibaba.nacos.common.remote.client   : [7dd5a389-4f0a-44cd-9fa4-3ce206ff90ef] Receive server push request, request = NotifySubscriberRequest, requestId = 8
11:20:31:408  INFO 26396 --- [nacos-grpc-client-executor-11] com.alibaba.nacos.common.remote.client   : [7dd5a389-4f0a-44cd-9fa4-3ce206ff90ef] Ack server push request, request = NotifySubscriberRequest, requestId = 8
11:32:26:933  WARN 26396 --- [Thread-4] c.a.nacos.common.notify.NotifyCenter     : [NotifyCenter] Start destroying Publisher
11:32:26:934  WARN 26396 --- [Thread-7] c.a.n.common.http.HttpClientBeanHolder   : [HttpClientBeanHolder] Start destroying common HttpClient
11:32:26:937  WARN 26396 --- [Thread-4] c.a.nacos.common.notify.NotifyCenter     : [NotifyCenter] Destruction of the end
11:32:26:940  WARN 26396 --- [Thread-7] c.a.n.common.http.HttpClientBeanHolder   : [HttpClientBeanHolder] Destruction of the end
11:32:27:049  INFO 26396 --- [SpringApplicationShutdownHook] c.a.c.n.registry.NacosServiceRegistry    : De-registering from Nacos Server now...
11:32:27:071  INFO 26396 --- [SpringApplicationShutdownHook] c.a.c.n.registry.NacosServiceRegistry    : De-registration finished.
11:32:27:389  INFO 26396 --- [SpringApplicationShutdownHook] com.alibaba.nacos.common.remote.client   : Shutdown rpc client, set status to shutdown
11:32:27:390  INFO 26396 --- [SpringApplicationShutdownHook] com.alibaba.nacos.common.remote.client   : Shutdown client event executor java.util.concurrent.ScheduledThreadPoolExecutor@21eb00ad[Running, pool size = 2, active threads = 2, queued tasks = 0, completed tasks = 0]
11:32:27:390  INFO 26396 --- [SpringApplicationShutdownHook] com.alibaba.nacos.common.remote.client   : Close current connection 1746242430726_172.16.196.1_55240
11:32:27:398  INFO 26396 --- [nacos-grpc-client-executor-253] c.a.n.c.remote.client.grpc.GrpcClient    : [1746242430726_172.16.196.1_55240]Ignore complete event,isRunning:false,isAbandon=false
11:32:27:419  INFO 26396 --- [SpringApplicationShutdownHook] c.a.n.c.remote.client.grpc.GrpcClient    : Shutdown grpc executor java.util.concurrent.ThreadPoolExecutor@3339d427[Running, pool size = 6, active threads = 0, queued tasks = 0, completed tasks = 254]
