07:33:55:074  INFO 6777 --- [main] com.hmall.item.ItemApplication           : Starting ItemApplication using Java 11.0.27 on MacBookPro with PID 6777 (/Users/mac/Projects/hmall/Item-service/target/classes started by mac in /Users/mac/Projects/hmall)
07:33:55:081 DEBUG 6777 --- [main] com.hmall.item.ItemApplication           : Running with Spring Boot v2.7.12, Spring v5.3.27
07:33:55:082  INFO 6777 --- [main] com.hmall.item.ItemApplication           : The following 1 profile is active: "local"
07:33:56:961  INFO 6777 --- [main] o.s.cloud.context.scope.GenericScope     : BeanFactory id=15411cd5-b645-36ac-96d4-a59d396817cf
07:33:57:508  INFO 6777 --- [main] o.s.b.w.embedded.tomcat.TomcatWebServer  : Tomcat initialized with port(s): 8081 (http)
07:33:57:523  INFO 6777 --- [main] o.apache.catalina.core.StandardService   : Starting service [Tomcat]
07:33:57:523  INFO 6777 --- [main] org.apache.catalina.core.StandardEngine  : Starting Servlet engine: [Apache Tomcat/9.0.75]
07:33:57:743  INFO 6777 --- [main] o.a.c.c.C.[Tomcat].[localhost].[/]       : Initializing Spring embedded WebApplicationContext
07:33:57:743  INFO 6777 --- [main] w.s.c.ServletWebServerApplicationContext : Root WebApplicationContext: initialization completed in 2572 ms
07:33:58:221  INFO 6782 --- [main] com.hmall.item.ItemApplication           : Starting ItemApplication using Java 11.0.27 on MacBookPro with PID 6782 (/Users/mac/Projects/hmall/Item-service/target/classes started by mac in /Users/mac/Projects/hmall)
07:33:58:227 DEBUG 6782 --- [main] com.hmall.item.ItemApplication           : Running with Spring Boot v2.7.12, Spring v5.3.27
07:33:58:227  INFO 6782 --- [main] com.hmall.item.ItemApplication           : The following 1 profile is active: "local"
07:33:59:495  INFO 6777 --- [main] pertySourcedRequestMappingHandlerMapping : Mapped URL path [/v2/api-docs] onto method [springfox.documentation.swagger2.web.Swagger2ControllerWebMvc#getDocumentation(String, HttpServletRequest)]
07:34:00:023  INFO 6777 --- [main] com.alibaba.nacos.common.remote.client   : [RpcClientFactory] create a new rpc client of 44b8f5db-ccbb-4b70-b86b-8796d8bcc7ef
07:34:00:088  INFO 6777 --- [main] org.reflections.Reflections              : Reflections took 38 ms to scan 1 urls, producing 3 keys and 6 values 
07:34:00:164  INFO 6777 --- [main] org.reflections.Reflections              : Reflections took 39 ms to scan 1 urls, producing 4 keys and 9 values 
07:34:00:230  INFO 6777 --- [main] org.reflections.Reflections              : Reflections took 32 ms to scan 1 urls, producing 3 keys and 10 values 
07:34:00:246  WARN 6777 --- [main] org.reflections.Reflections              : given scan urls are empty. set urls in the configuration
07:34:00:272  INFO 6777 --- [main] org.reflections.Reflections              : Reflections took 25 ms to scan 1 urls, producing 1 keys and 5 values 
07:34:00:297  INFO 6777 --- [main] org.reflections.Reflections              : Reflections took 19 ms to scan 1 urls, producing 1 keys and 7 values 
07:34:00:321  INFO 6777 --- [main] org.reflections.Reflections              : Reflections took 18 ms to scan 1 urls, producing 2 keys and 8 values 
07:34:00:325  WARN 6777 --- [main] org.reflections.Reflections              : given scan urls are empty. set urls in the configuration
07:34:00:329  INFO 6777 --- [main] com.alibaba.nacos.common.remote.client   : [44b8f5db-ccbb-4b70-b86b-8796d8bcc7ef] RpcClient init label, labels = {module=naming, source=sdk}
07:34:00:333  INFO 6777 --- [main] com.alibaba.nacos.common.remote.client   : [44b8f5db-ccbb-4b70-b86b-8796d8bcc7ef] RpcClient init, ServerListFactory = com.alibaba.nacos.client.naming.core.ServerListManager
07:34:00:334  INFO 6777 --- [main] com.alibaba.nacos.common.remote.client   : [44b8f5db-ccbb-4b70-b86b-8796d8bcc7ef] Registry connection listener to current client:com.alibaba.nacos.client.naming.remote.gprc.redo.NamingGrpcRedoService
07:34:00:335  INFO 6777 --- [main] com.alibaba.nacos.common.remote.client   : [44b8f5db-ccbb-4b70-b86b-8796d8bcc7ef] Register server push request handler:com.alibaba.nacos.client.naming.remote.gprc.NamingPushRequestHandler
07:34:00:345  INFO 6777 --- [main] com.alibaba.nacos.common.remote.client   : [44b8f5db-ccbb-4b70-b86b-8796d8bcc7ef] Try to connect to server on start up, server: {serverIp = '172.16.196.131', server main port = 8848}
07:34:00:976  INFO 6782 --- [main] o.s.cloud.context.scope.GenericScope     : BeanFactory id=15411cd5-b645-36ac-96d4-a59d396817cf
07:34:02:507  INFO 6782 --- [main] o.s.b.w.embedded.tomcat.TomcatWebServer  : Tomcat initialized with port(s): 8085 (http)
07:34:02:529  INFO 6782 --- [main] o.apache.catalina.core.StandardService   : Starting service [Tomcat]
07:34:02:529  INFO 6782 --- [main] org.apache.catalina.core.StandardEngine  : Starting Servlet engine: [Apache Tomcat/9.0.75]
07:34:02:539  INFO 6777 --- [main] com.alibaba.nacos.common.remote.client   : [44b8f5db-ccbb-4b70-b86b-8796d8bcc7ef] Success to connect to server [172.16.196.131:8848] on start up, connectionId = 1746488042330_172.16.196.1_51587
07:34:02:539  INFO 6777 --- [com.alibaba.nacos.client.remote.worker] com.alibaba.nacos.common.remote.client   : [44b8f5db-ccbb-4b70-b86b-8796d8bcc7ef] Notify connected event to listeners.
07:34:02:541  INFO 6777 --- [main] com.alibaba.nacos.common.remote.client   : [44b8f5db-ccbb-4b70-b86b-8796d8bcc7ef] Register server push request handler:com.alibaba.nacos.common.remote.client.RpcClient$ConnectResetRequestHandler
07:34:02:542  INFO 6777 --- [main] com.alibaba.nacos.common.remote.client   : [44b8f5db-ccbb-4b70-b86b-8796d8bcc7ef] Register server push request handler:com.alibaba.nacos.common.remote.client.RpcClient$$Lambda$966/0x00000008405f2040
07:34:02:681  INFO 6777 --- [main] o.s.b.w.embedded.tomcat.TomcatWebServer  : Tomcat started on port(s): 8081 (http) with context path ''
07:34:02:709  INFO 6777 --- [main] c.a.c.n.registry.NacosServiceRegistry    : nacos registry, DEFAULT_GROUP item-service 192.168.43.170:8081 register finished
07:34:02:778  INFO 6777 --- [main] d.s.w.p.DocumentationPluginsBootstrapper : Documentation plugins bootstrapped
07:34:02:782  INFO 6777 --- [main] d.s.w.p.DocumentationPluginsBootstrapper : Found 1 custom documentation plugin(s)
07:34:02:850  INFO 6777 --- [main] s.d.s.w.s.ApiListingReferenceScanner     : Scanning for api listing references
07:34:02:863  INFO 6782 --- [main] o.a.c.c.C.[Tomcat].[localhost].[/]       : Initializing Spring embedded WebApplicationContext
07:34:02:863  INFO 6782 --- [main] w.s.c.ServletWebServerApplicationContext : Root WebApplicationContext: initialization completed in 4514 ms
07:34:03:198  INFO 6777 --- [nacos-grpc-client-executor-12] com.alibaba.nacos.common.remote.client   : [44b8f5db-ccbb-4b70-b86b-8796d8bcc7ef] Receive server push request, request = NotifySubscriberRequest, requestId = 3
07:34:03:214  INFO 6777 --- [nacos-grpc-client-executor-12] com.alibaba.nacos.common.remote.client   : [44b8f5db-ccbb-4b70-b86b-8796d8bcc7ef] Ack server push request, request = NotifySubscriberRequest, requestId = 3
07:34:03:310  INFO 6777 --- [main] com.hmall.item.ItemApplication           : Started ItemApplication in 9.03 seconds (JVM running for 10.216)
07:34:05:341  INFO 6782 --- [main] pertySourcedRequestMappingHandlerMapping : Mapped URL path [/v2/api-docs] onto method [springfox.documentation.swagger2.web.Swagger2ControllerWebMvc#getDocumentation(String, HttpServletRequest)]
07:34:05:847  INFO 6782 --- [main] com.alibaba.nacos.common.remote.client   : [RpcClientFactory] create a new rpc client of 2fe82ad3-579b-4f33-94ab-36e966d07a2f
07:34:05:962  INFO 6782 --- [main] org.reflections.Reflections              : Reflections took 49 ms to scan 1 urls, producing 3 keys and 6 values 
07:34:06:023  INFO 6782 --- [main] org.reflections.Reflections              : Reflections took 23 ms to scan 1 urls, producing 4 keys and 9 values 
07:34:06:050  INFO 6782 --- [main] org.reflections.Reflections              : Reflections took 19 ms to scan 1 urls, producing 3 keys and 10 values 
07:34:06:054  WARN 6782 --- [main] org.reflections.Reflections              : given scan urls are empty. set urls in the configuration
07:34:06:074  INFO 6782 --- [main] org.reflections.Reflections              : Reflections took 18 ms to scan 1 urls, producing 1 keys and 5 values 
07:34:06:096  INFO 6782 --- [main] org.reflections.Reflections              : Reflections took 18 ms to scan 1 urls, producing 1 keys and 7 values 
07:34:06:119  INFO 6782 --- [main] org.reflections.Reflections              : Reflections took 19 ms to scan 1 urls, producing 2 keys and 8 values 
07:34:06:123  WARN 6782 --- [main] org.reflections.Reflections              : given scan urls are empty. set urls in the configuration
07:34:06:124  INFO 6782 --- [main] com.alibaba.nacos.common.remote.client   : [2fe82ad3-579b-4f33-94ab-36e966d07a2f] RpcClient init label, labels = {module=naming, source=sdk}
07:34:06:130  INFO 6782 --- [main] com.alibaba.nacos.common.remote.client   : [2fe82ad3-579b-4f33-94ab-36e966d07a2f] RpcClient init, ServerListFactory = com.alibaba.nacos.client.naming.core.ServerListManager
07:34:06:131  INFO 6782 --- [main] com.alibaba.nacos.common.remote.client   : [2fe82ad3-579b-4f33-94ab-36e966d07a2f] Registry connection listener to current client:com.alibaba.nacos.client.naming.remote.gprc.redo.NamingGrpcRedoService
07:34:06:132  INFO 6782 --- [main] com.alibaba.nacos.common.remote.client   : [2fe82ad3-579b-4f33-94ab-36e966d07a2f] Register server push request handler:com.alibaba.nacos.client.naming.remote.gprc.NamingPushRequestHandler
07:34:06:198  INFO 6782 --- [main] com.alibaba.nacos.common.remote.client   : [2fe82ad3-579b-4f33-94ab-36e966d07a2f] Try to connect to server on start up, server: {serverIp = '172.16.196.131', server main port = 8848}
07:34:07:525  INFO 6782 --- [main] com.alibaba.nacos.common.remote.client   : [2fe82ad3-579b-4f33-94ab-36e966d07a2f] Success to connect to server [172.16.196.131:8848] on start up, connectionId = 1746488047205_172.16.196.1_51600
07:34:07:526  INFO 6782 --- [com.alibaba.nacos.client.remote.worker] com.alibaba.nacos.common.remote.client   : [2fe82ad3-579b-4f33-94ab-36e966d07a2f] Notify connected event to listeners.
07:34:07:528  INFO 6782 --- [main] com.alibaba.nacos.common.remote.client   : [2fe82ad3-579b-4f33-94ab-36e966d07a2f] Register server push request handler:com.alibaba.nacos.common.remote.client.RpcClient$ConnectResetRequestHandler
07:34:07:530  INFO 6782 --- [main] com.alibaba.nacos.common.remote.client   : [2fe82ad3-579b-4f33-94ab-36e966d07a2f] Register server push request handler:com.alibaba.nacos.common.remote.client.RpcClient$$Lambda$966/0x00000008405f4040
07:34:07:753  INFO 6782 --- [main] o.s.b.w.embedded.tomcat.TomcatWebServer  : Tomcat started on port(s): 8085 (http) with context path ''
07:34:07:782  INFO 6782 --- [main] c.a.c.n.registry.NacosServiceRegistry    : nacos registry, DEFAULT_GROUP item-service 192.168.43.170:8085 register finished
07:34:07:789  INFO 6782 --- [main] d.s.w.p.DocumentationPluginsBootstrapper : Documentation plugins bootstrapped
07:34:07:794  INFO 6782 --- [main] d.s.w.p.DocumentationPluginsBootstrapper : Found 1 custom documentation plugin(s)
07:34:07:837  INFO 6782 --- [main] s.d.s.w.s.ApiListingReferenceScanner     : Scanning for api listing references
07:34:08:194  INFO 6777 --- [nacos-grpc-client-executor-15] com.alibaba.nacos.common.remote.client   : [44b8f5db-ccbb-4b70-b86b-8796d8bcc7ef] Receive server push request, request = NotifySubscriberRequest, requestId = 4
07:34:08:196  INFO 6777 --- [nacos-grpc-client-executor-15] com.alibaba.nacos.common.remote.client   : [44b8f5db-ccbb-4b70-b86b-8796d8bcc7ef] Ack server push request, request = NotifySubscriberRequest, requestId = 4
07:34:08:231  INFO 6782 --- [nacos-grpc-client-executor-11] com.alibaba.nacos.common.remote.client   : [2fe82ad3-579b-4f33-94ab-36e966d07a2f] Receive server push request, request = NotifySubscriberRequest, requestId = 5
07:34:08:233  INFO 6782 --- [nacos-grpc-client-executor-11] com.alibaba.nacos.common.remote.client   : [2fe82ad3-579b-4f33-94ab-36e966d07a2f] Ack server push request, request = NotifySubscriberRequest, requestId = 5
07:34:08:530  INFO 6782 --- [main] com.hmall.item.ItemApplication           : Started ItemApplication in 11.153 seconds (JVM running for 12.101)
07:42:41:932  INFO 6777 --- [http-nio-8081-exec-1] o.a.c.c.C.[Tomcat].[localhost].[/]       : Initializing Spring DispatcherServlet 'dispatcherServlet'
07:42:41:934  INFO 6777 --- [http-nio-8081-exec-1] o.s.web.servlet.DispatcherServlet        : Initializing Servlet 'dispatcherServlet'
07:42:41:948  INFO 6777 --- [http-nio-8081-exec-1] o.s.web.servlet.DispatcherServlet        : Completed initialization in 12 ms
07:42:42:274  INFO 6777 --- [http-nio-8081-exec-1] com.zaxxer.hikari.HikariDataSource       : HikariPool-1 - Starting...
07:42:42:730  INFO 6777 --- [http-nio-8081-exec-1] com.zaxxer.hikari.HikariDataSource       : HikariPool-1 - Start completed.
07:42:42:739 DEBUG 6777 --- [http-nio-8081-exec-1] c.h.i.m.ItemMapper.selectList_mpCount    : ==>  Preparing: SELECT COUNT(*) AS total FROM item WHERE (status = ?)
07:42:42:765 DEBUG 6777 --- [http-nio-8081-exec-1] c.h.i.m.ItemMapper.selectList_mpCount    : ==> Parameters: 1(Integer)
07:42:42:845 DEBUG 6777 --- [http-nio-8081-exec-1] c.h.i.m.ItemMapper.selectList_mpCount    : <==      Total: 1
07:42:42:857 DEBUG 6777 --- [http-nio-8081-exec-1] c.h.item.mapper.ItemMapper.selectList    : ==>  Preparing: SELECT id, name, price, stock, image, category, brand, spec, sold, comment_count, isAD, status, create_time, update_time, creater, updater FROM item WHERE (status = ?) ORDER BY update_time DESC LIMIT ?
07:42:42:858 DEBUG 6777 --- [http-nio-8081-exec-1] c.h.item.mapper.ItemMapper.selectList    : ==> Parameters: 1(Integer), 20(Long)
07:42:42:886 DEBUG 6777 --- [http-nio-8081-exec-1] c.h.item.mapper.ItemMapper.selectList    : <==      Total: 20
07:45:32:772  WARN 6777 --- [Thread-4] c.a.nacos.common.notify.NotifyCenter     : [NotifyCenter] Start destroying Publisher
07:45:32:772  WARN 6777 --- [Thread-7] c.a.n.common.http.HttpClientBeanHolder   : [HttpClientBeanHolder] Start destroying common HttpClient
07:45:32:774  WARN 6777 --- [Thread-4] c.a.nacos.common.notify.NotifyCenter     : [NotifyCenter] Destruction of the end
07:45:32:775  WARN 6777 --- [Thread-7] c.a.n.common.http.HttpClientBeanHolder   : [HttpClientBeanHolder] Destruction of the end
07:45:32:834  WARN 6782 --- [Thread-7] c.a.n.common.http.HttpClientBeanHolder   : [HttpClientBeanHolder] Start destroying common HttpClient
07:45:32:835  WARN 6782 --- [Thread-4] c.a.nacos.common.notify.NotifyCenter     : [NotifyCenter] Start destroying Publisher
07:45:32:865  WARN 6782 --- [Thread-4] c.a.nacos.common.notify.NotifyCenter     : [NotifyCenter] Destruction of the end
07:45:32:890  WARN 6782 --- [Thread-7] c.a.n.common.http.HttpClientBeanHolder   : [HttpClientBeanHolder] Destruction of the end
07:45:32:928  INFO 6777 --- [SpringApplicationShutdownHook] c.a.c.n.registry.NacosServiceRegistry    : De-registering from Nacos Server now...
07:45:32:937  INFO 6777 --- [SpringApplicationShutdownHook] c.a.c.n.registry.NacosServiceRegistry    : De-registration finished.
07:45:33:092  INFO 6782 --- [SpringApplicationShutdownHook] c.a.c.n.registry.NacosServiceRegistry    : De-registering from Nacos Server now...
07:45:33:101  INFO 6782 --- [SpringApplicationShutdownHook] c.a.c.n.registry.NacosServiceRegistry    : De-registration finished.
07:45:33:259  INFO 6777 --- [SpringApplicationShutdownHook] com.alibaba.nacos.common.remote.client   : Shutdown rpc client, set status to shutdown
07:45:33:260  INFO 6777 --- [SpringApplicationShutdownHook] com.alibaba.nacos.common.remote.client   : Shutdown client event executor java.util.concurrent.ScheduledThreadPoolExecutor@41715300[Running, pool size = 2, active threads = 2, queued tasks = 0, completed tasks = 0]
07:45:33:260  INFO 6777 --- [SpringApplicationShutdownHook] com.alibaba.nacos.common.remote.client   : Close current connection 1746488042330_172.16.196.1_51587
07:45:33:263  INFO 6777 --- [nacos-grpc-client-executor-249] c.a.n.c.remote.client.grpc.GrpcClient    : [1746488042330_172.16.196.1_51587]Ignore complete event,isRunning:false,isAbandon=false
07:45:33:274  INFO 6777 --- [SpringApplicationShutdownHook] c.a.n.c.remote.client.grpc.GrpcClient    : Shutdown grpc executor java.util.concurrent.ThreadPoolExecutor@5b93ef99[Running, pool size = 6, active threads = 0, queued tasks = 0, completed tasks = 250]
07:45:33:282  INFO 6777 --- [SpringApplicationShutdownHook] com.zaxxer.hikari.HikariDataSource       : HikariPool-1 - Shutdown initiated...
07:45:33:313  INFO 6777 --- [SpringApplicationShutdownHook] com.zaxxer.hikari.HikariDataSource       : HikariPool-1 - Shutdown completed.
07:45:33:418  INFO 6782 --- [SpringApplicationShutdownHook] com.alibaba.nacos.common.remote.client   : Shutdown rpc client, set status to shutdown
07:45:33:418  INFO 6782 --- [SpringApplicationShutdownHook] com.alibaba.nacos.common.remote.client   : Shutdown client event executor java.util.concurrent.ScheduledThreadPoolExecutor@61f75c2[Running, pool size = 2, active threads = 2, queued tasks = 0, completed tasks = 0]
07:45:33:418  INFO 6782 --- [SpringApplicationShutdownHook] com.alibaba.nacos.common.remote.client   : Close current connection 1746488047205_172.16.196.1_51600
07:45:33:420  INFO 6782 --- [nacos-grpc-client-executor-245] c.a.n.c.remote.client.grpc.GrpcClient    : [1746488047205_172.16.196.1_51600]Ignore complete event,isRunning:false,isAbandon=false
07:45:33:432  INFO 6782 --- [SpringApplicationShutdownHook] c.a.n.c.remote.client.grpc.GrpcClient    : Shutdown grpc executor java.util.concurrent.ThreadPoolExecutor@35b1f1[Running, pool size = 8, active threads = 0, queued tasks = 0, completed tasks = 246]
07:45:49:774  INFO 7544 --- [main] com.hmall.item.ItemApplication           : Starting ItemApplication using Java 11.0.27 on MacBookPro with PID 7544 (/Users/mac/Projects/hmall/Item-service/target/classes started by mac in /Users/mac/Projects/hmall)
07:45:49:776 DEBUG 7544 --- [main] com.hmall.item.ItemApplication           : Running with Spring Boot v2.7.12, Spring v5.3.27
07:45:49:777  INFO 7544 --- [main] com.hmall.item.ItemApplication           : The following 1 profile is active: "local"
07:45:51:301  INFO 7544 --- [main] o.s.cloud.context.scope.GenericScope     : BeanFactory id=15411cd5-b645-36ac-96d4-a59d396817cf
07:45:51:795  INFO 7544 --- [main] o.s.b.w.embedded.tomcat.TomcatWebServer  : Tomcat initialized with port(s): 8081 (http)
07:45:51:808  INFO 7544 --- [main] o.apache.catalina.core.StandardService   : Starting service [Tomcat]
07:45:51:809  INFO 7544 --- [main] org.apache.catalina.core.StandardEngine  : Starting Servlet engine: [Apache Tomcat/9.0.75]
07:45:52:027  INFO 7544 --- [main] o.a.c.c.C.[Tomcat].[localhost].[/]       : Initializing Spring embedded WebApplicationContext
07:45:52:027  INFO 7544 --- [main] w.s.c.ServletWebServerApplicationContext : Root WebApplicationContext: initialization completed in 2198 ms
07:45:52:459  INFO 7546 --- [main] com.hmall.item.ItemApplication           : Starting ItemApplication using Java 11.0.27 on MacBookPro with PID 7546 (/Users/mac/Projects/hmall/Item-service/target/classes started by mac in /Users/mac/Projects/hmall)
07:45:52:462 DEBUG 7546 --- [main] com.hmall.item.ItemApplication           : Running with Spring Boot v2.7.12, Spring v5.3.27
07:45:52:462  INFO 7546 --- [main] com.hmall.item.ItemApplication           : The following 1 profile is active: "local"
07:45:53:393  INFO 7544 --- [main] pertySourcedRequestMappingHandlerMapping : Mapped URL path [/v2/api-docs] onto method [springfox.documentation.swagger2.web.Swagger2ControllerWebMvc#getDocumentation(String, HttpServletRequest)]
07:45:53:829  INFO 7544 --- [main] com.alibaba.nacos.common.remote.client   : [RpcClientFactory] create a new rpc client of 88aab28c-b384-43f0-88d9-2a9834f4613d
07:45:53:902  INFO 7544 --- [main] org.reflections.Reflections              : Reflections took 42 ms to scan 1 urls, producing 3 keys and 6 values 
07:45:53:953  INFO 7544 --- [main] org.reflections.Reflections              : Reflections took 21 ms to scan 1 urls, producing 4 keys and 9 values 
07:45:53:986  INFO 7544 --- [main] org.reflections.Reflections              : Reflections took 29 ms to scan 1 urls, producing 3 keys and 10 values 
07:45:53:990  WARN 7544 --- [main] org.reflections.Reflections              : given scan urls are empty. set urls in the configuration
07:45:54:009  INFO 7544 --- [main] org.reflections.Reflections              : Reflections took 17 ms to scan 1 urls, producing 1 keys and 5 values 
07:45:54:027  INFO 7544 --- [main] org.reflections.Reflections              : Reflections took 16 ms to scan 1 urls, producing 1 keys and 7 values 
07:45:54:052  INFO 7544 --- [main] org.reflections.Reflections              : Reflections took 20 ms to scan 1 urls, producing 2 keys and 8 values 
07:45:54:055  WARN 7544 --- [main] org.reflections.Reflections              : given scan urls are empty. set urls in the configuration
07:45:54:057  INFO 7544 --- [main] com.alibaba.nacos.common.remote.client   : [88aab28c-b384-43f0-88d9-2a9834f4613d] RpcClient init label, labels = {module=naming, source=sdk}
07:45:54:060  INFO 7544 --- [main] com.alibaba.nacos.common.remote.client   : [88aab28c-b384-43f0-88d9-2a9834f4613d] RpcClient init, ServerListFactory = com.alibaba.nacos.client.naming.core.ServerListManager
07:45:54:061  INFO 7544 --- [main] com.alibaba.nacos.common.remote.client   : [88aab28c-b384-43f0-88d9-2a9834f4613d] Registry connection listener to current client:com.alibaba.nacos.client.naming.remote.gprc.redo.NamingGrpcRedoService
07:45:54:063  INFO 7544 --- [main] com.alibaba.nacos.common.remote.client   : [88aab28c-b384-43f0-88d9-2a9834f4613d] Register server push request handler:com.alibaba.nacos.client.naming.remote.gprc.NamingPushRequestHandler
07:45:54:069  INFO 7544 --- [main] com.alibaba.nacos.common.remote.client   : [88aab28c-b384-43f0-88d9-2a9834f4613d] Try to connect to server on start up, server: {serverIp = '172.16.196.131', server main port = 8848}
07:45:54:174  INFO 7546 --- [main] o.s.cloud.context.scope.GenericScope     : BeanFactory id=15411cd5-b645-36ac-96d4-a59d396817cf
07:45:54:788  INFO 7546 --- [main] o.s.b.w.embedded.tomcat.TomcatWebServer  : Tomcat initialized with port(s): 8085 (http)
07:45:54:803  INFO 7546 --- [main] o.apache.catalina.core.StandardService   : Starting service [Tomcat]
07:45:54:804  INFO 7546 --- [main] org.apache.catalina.core.StandardEngine  : Starting Servlet engine: [Apache Tomcat/9.0.75]
07:45:55:014  INFO 7544 --- [main] com.alibaba.nacos.common.remote.client   : [88aab28c-b384-43f0-88d9-2a9834f4613d] Success to connect to server [172.16.196.131:8848] on start up, connectionId = 1746488754801_172.16.196.1_52386
07:45:55:016  INFO 7544 --- [com.alibaba.nacos.client.remote.worker] com.alibaba.nacos.common.remote.client   : [88aab28c-b384-43f0-88d9-2a9834f4613d] Notify connected event to listeners.
07:45:55:017  INFO 7544 --- [main] com.alibaba.nacos.common.remote.client   : [88aab28c-b384-43f0-88d9-2a9834f4613d] Register server push request handler:com.alibaba.nacos.common.remote.client.RpcClient$ConnectResetRequestHandler
07:45:55:018  INFO 7544 --- [main] com.alibaba.nacos.common.remote.client   : [88aab28c-b384-43f0-88d9-2a9834f4613d] Register server push request handler:com.alibaba.nacos.common.remote.client.RpcClient$$Lambda$966/0x00000008405f4440
07:45:55:057  INFO 7546 --- [main] o.a.c.c.C.[Tomcat].[localhost].[/]       : Initializing Spring embedded WebApplicationContext
07:45:55:058  INFO 7546 --- [main] w.s.c.ServletWebServerApplicationContext : Root WebApplicationContext: initialization completed in 2534 ms
07:45:55:128  INFO 7544 --- [main] o.s.b.w.embedded.tomcat.TomcatWebServer  : Tomcat started on port(s): 8081 (http) with context path ''
07:45:55:143  INFO 7544 --- [main] c.a.c.n.registry.NacosServiceRegistry    : nacos registry, DEFAULT_GROUP item-service 192.168.43.170:8081 register finished
07:45:55:151  INFO 7544 --- [main] d.s.w.p.DocumentationPluginsBootstrapper : Documentation plugins bootstrapped
07:45:55:156  INFO 7544 --- [main] d.s.w.p.DocumentationPluginsBootstrapper : Found 1 custom documentation plugin(s)
07:45:55:202  INFO 7544 --- [main] s.d.s.w.s.ApiListingReferenceScanner     : Scanning for api listing references
07:45:55:429  INFO 7544 --- [main] com.hmall.item.ItemApplication           : Started ItemApplication in 6.285 seconds (JVM running for 7.043)
07:45:55:616  INFO 7544 --- [nacos-grpc-client-executor-12] com.alibaba.nacos.common.remote.client   : [88aab28c-b384-43f0-88d9-2a9834f4613d] Receive server push request, request = NotifySubscriberRequest, requestId = 13
07:45:55:621  INFO 7544 --- [nacos-grpc-client-executor-12] com.alibaba.nacos.common.remote.client   : [88aab28c-b384-43f0-88d9-2a9834f4613d] Ack server push request, request = NotifySubscriberRequest, requestId = 13
07:45:56:412  INFO 7546 --- [main] pertySourcedRequestMappingHandlerMapping : Mapped URL path [/v2/api-docs] onto method [springfox.documentation.swagger2.web.Swagger2ControllerWebMvc#getDocumentation(String, HttpServletRequest)]
07:45:56:845  INFO 7546 --- [main] com.alibaba.nacos.common.remote.client   : [RpcClientFactory] create a new rpc client of 7ba00886-264a-4234-b989-98ea39fe213a
07:45:56:917  INFO 7546 --- [main] org.reflections.Reflections              : Reflections took 40 ms to scan 1 urls, producing 3 keys and 6 values 
07:45:56:964  INFO 7546 --- [main] org.reflections.Reflections              : Reflections took 18 ms to scan 1 urls, producing 4 keys and 9 values 
07:45:56:999  INFO 7546 --- [main] org.reflections.Reflections              : Reflections took 27 ms to scan 1 urls, producing 3 keys and 10 values 
07:45:57:005  WARN 7546 --- [main] org.reflections.Reflections              : given scan urls are empty. set urls in the configuration
07:45:57:025  INFO 7546 --- [main] org.reflections.Reflections              : Reflections took 18 ms to scan 1 urls, producing 1 keys and 5 values 
07:45:57:046  INFO 7546 --- [main] org.reflections.Reflections              : Reflections took 16 ms to scan 1 urls, producing 1 keys and 7 values 
07:45:57:067  INFO 7546 --- [main] org.reflections.Reflections              : Reflections took 13 ms to scan 1 urls, producing 2 keys and 8 values 
07:45:57:072  WARN 7546 --- [main] org.reflections.Reflections              : given scan urls are empty. set urls in the configuration
07:45:57:073  INFO 7546 --- [main] com.alibaba.nacos.common.remote.client   : [7ba00886-264a-4234-b989-98ea39fe213a] RpcClient init label, labels = {module=naming, source=sdk}
07:45:57:076  INFO 7546 --- [main] com.alibaba.nacos.common.remote.client   : [7ba00886-264a-4234-b989-98ea39fe213a] RpcClient init, ServerListFactory = com.alibaba.nacos.client.naming.core.ServerListManager
07:45:57:076  INFO 7546 --- [main] com.alibaba.nacos.common.remote.client   : [7ba00886-264a-4234-b989-98ea39fe213a] Registry connection listener to current client:com.alibaba.nacos.client.naming.remote.gprc.redo.NamingGrpcRedoService
07:45:57:077  INFO 7546 --- [main] com.alibaba.nacos.common.remote.client   : [7ba00886-264a-4234-b989-98ea39fe213a] Register server push request handler:com.alibaba.nacos.client.naming.remote.gprc.NamingPushRequestHandler
07:45:57:081  INFO 7546 --- [main] com.alibaba.nacos.common.remote.client   : [7ba00886-264a-4234-b989-98ea39fe213a] Try to connect to server on start up, server: {serverIp = '172.16.196.131', server main port = 8848}
07:45:58:014  INFO 7546 --- [main] com.alibaba.nacos.common.remote.client   : [7ba00886-264a-4234-b989-98ea39fe213a] Success to connect to server [172.16.196.131:8848] on start up, connectionId = 1746488757796_172.16.196.1_52406
07:45:58:015  INFO 7546 --- [main] com.alibaba.nacos.common.remote.client   : [7ba00886-264a-4234-b989-98ea39fe213a] Register server push request handler:com.alibaba.nacos.common.remote.client.RpcClient$ConnectResetRequestHandler
07:45:58:015  INFO 7546 --- [com.alibaba.nacos.client.remote.worker] com.alibaba.nacos.common.remote.client   : [7ba00886-264a-4234-b989-98ea39fe213a] Notify connected event to listeners.
07:45:58:016  INFO 7546 --- [main] com.alibaba.nacos.common.remote.client   : [7ba00886-264a-4234-b989-98ea39fe213a] Register server push request handler:com.alibaba.nacos.common.remote.client.RpcClient$$Lambda$966/0x00000008405f4440
07:45:58:164  INFO 7546 --- [main] o.s.b.w.embedded.tomcat.TomcatWebServer  : Tomcat started on port(s): 8085 (http) with context path ''
07:45:58:204  INFO 7546 --- [main] c.a.c.n.registry.NacosServiceRegistry    : nacos registry, DEFAULT_GROUP item-service 192.168.43.170:8085 register finished
07:45:58:220  INFO 7546 --- [main] d.s.w.p.DocumentationPluginsBootstrapper : Documentation plugins bootstrapped
07:45:58:224  INFO 7546 --- [main] d.s.w.p.DocumentationPluginsBootstrapper : Found 1 custom documentation plugin(s)
07:45:58:280  INFO 7546 --- [main] s.d.s.w.s.ApiListingReferenceScanner     : Scanning for api listing references
07:45:58:518  INFO 7546 --- [main] com.hmall.item.ItemApplication           : Started ItemApplication in 6.827 seconds (JVM running for 7.646)
07:45:58:624  INFO 7544 --- [nacos-grpc-client-executor-15] com.alibaba.nacos.common.remote.client   : [88aab28c-b384-43f0-88d9-2a9834f4613d] Receive server push request, request = NotifySubscriberRequest, requestId = 14
07:45:58:626  INFO 7544 --- [nacos-grpc-client-executor-15] com.alibaba.nacos.common.remote.client   : [88aab28c-b384-43f0-88d9-2a9834f4613d] Ack server push request, request = NotifySubscriberRequest, requestId = 14
07:45:58:643  INFO 7546 --- [nacos-grpc-client-executor-11] com.alibaba.nacos.common.remote.client   : [7ba00886-264a-4234-b989-98ea39fe213a] Receive server push request, request = NotifySubscriberRequest, requestId = 15
07:45:58:647  INFO 7546 --- [nacos-grpc-client-executor-11] com.alibaba.nacos.common.remote.client   : [7ba00886-264a-4234-b989-98ea39fe213a] Ack server push request, request = NotifySubscriberRequest, requestId = 15
07:47:19:088  INFO 7546 --- [http-nio-8085-exec-1] o.a.c.c.C.[Tomcat].[localhost].[/]       : Initializing Spring DispatcherServlet 'dispatcherServlet'
07:47:19:091  INFO 7546 --- [http-nio-8085-exec-1] o.s.web.servlet.DispatcherServlet        : Initializing Servlet 'dispatcherServlet'
07:47:19:100  INFO 7546 --- [http-nio-8085-exec-1] o.s.web.servlet.DispatcherServlet        : Completed initialization in 9 ms
07:47:19:346  INFO 7546 --- [http-nio-8085-exec-1] com.zaxxer.hikari.HikariDataSource       : HikariPool-1 - Starting...
07:47:19:639  INFO 7546 --- [http-nio-8085-exec-1] com.zaxxer.hikari.HikariDataSource       : HikariPool-1 - Start completed.
07:47:19:646 DEBUG 7546 --- [http-nio-8085-exec-1] c.h.i.m.ItemMapper.selectList_mpCount    : ==>  Preparing: SELECT COUNT(*) AS total FROM item WHERE (status = ?)
07:47:19:668 DEBUG 7546 --- [http-nio-8085-exec-1] c.h.i.m.ItemMapper.selectList_mpCount    : ==> Parameters: 1(Integer)
07:47:19:708 DEBUG 7546 --- [http-nio-8085-exec-1] c.h.i.m.ItemMapper.selectList_mpCount    : <==      Total: 1
07:47:19:723 DEBUG 7546 --- [http-nio-8085-exec-1] c.h.item.mapper.ItemMapper.selectList    : ==>  Preparing: SELECT id, name, price, stock, image, category, brand, spec, sold, comment_count, isAD, status, create_time, update_time, creater, updater FROM item WHERE (status = ?) ORDER BY update_time DESC LIMIT ?
07:47:19:724 DEBUG 7546 --- [http-nio-8085-exec-1] c.h.item.mapper.ItemMapper.selectList    : ==> Parameters: 1(Integer), 20(Long)
07:47:19:749 DEBUG 7546 --- [http-nio-8085-exec-1] c.h.item.mapper.ItemMapper.selectList    : <==      Total: 20
07:47:54:654  WARN 7546 --- [Thread-7] c.a.n.common.http.HttpClientBeanHolder   : [HttpClientBeanHolder] Start destroying common HttpClient
07:47:54:654  WARN 7544 --- [Thread-7] c.a.n.common.http.HttpClientBeanHolder   : [HttpClientBeanHolder] Start destroying common HttpClient
07:47:54:656  WARN 7546 --- [Thread-7] c.a.n.common.http.HttpClientBeanHolder   : [HttpClientBeanHolder] Destruction of the end
07:47:54:655  WARN 7546 --- [Thread-4] c.a.nacos.common.notify.NotifyCenter     : [NotifyCenter] Start destroying Publisher
07:47:54:656  WARN 7544 --- [Thread-7] c.a.n.common.http.HttpClientBeanHolder   : [HttpClientBeanHolder] Destruction of the end
07:47:54:656  WARN 7546 --- [Thread-4] c.a.nacos.common.notify.NotifyCenter     : [NotifyCenter] Destruction of the end
07:47:54:655  WARN 7544 --- [Thread-4] c.a.nacos.common.notify.NotifyCenter     : [NotifyCenter] Start destroying Publisher
07:47:54:657  WARN 7544 --- [Thread-4] c.a.nacos.common.notify.NotifyCenter     : [NotifyCenter] Destruction of the end
07:47:54:736  INFO 7546 --- [SpringApplicationShutdownHook] c.a.c.n.registry.NacosServiceRegistry    : De-registering from Nacos Server now...
07:47:54:746  INFO 7546 --- [SpringApplicationShutdownHook] c.a.c.n.registry.NacosServiceRegistry    : De-registration finished.
07:47:54:808  INFO 7544 --- [SpringApplicationShutdownHook] c.a.c.n.registry.NacosServiceRegistry    : De-registering from Nacos Server now...
07:47:54:816  INFO 7544 --- [SpringApplicationShutdownHook] c.a.c.n.registry.NacosServiceRegistry    : De-registration finished.
07:47:55:064  INFO 7546 --- [SpringApplicationShutdownHook] com.alibaba.nacos.common.remote.client   : Shutdown rpc client, set status to shutdown
07:47:55:064  INFO 7546 --- [SpringApplicationShutdownHook] com.alibaba.nacos.common.remote.client   : Shutdown client event executor java.util.concurrent.ScheduledThreadPoolExecutor@7ee5fcce[Running, pool size = 2, active threads = 2, queued tasks = 0, completed tasks = 0]
07:47:55:065  INFO 7546 --- [SpringApplicationShutdownHook] com.alibaba.nacos.common.remote.client   : Close current connection 1746488757796_172.16.196.1_52406
07:47:55:070  INFO 7546 --- [nacos-grpc-client-executor-59] c.a.n.c.remote.client.grpc.GrpcClient    : [1746488757796_172.16.196.1_52406]Ignore complete event,isRunning:false,isAbandon=false
07:47:55:076  INFO 7546 --- [SpringApplicationShutdownHook] c.a.n.c.remote.client.grpc.GrpcClient    : Shutdown grpc executor java.util.concurrent.ThreadPoolExecutor@6f185a9f[Running, pool size = 7, active threads = 0, queued tasks = 0, completed tasks = 60]
07:47:55:090  INFO 7546 --- [SpringApplicationShutdownHook] com.zaxxer.hikari.HikariDataSource       : HikariPool-1 - Shutdown initiated...
07:47:55:118  INFO 7546 --- [SpringApplicationShutdownHook] com.zaxxer.hikari.HikariDataSource       : HikariPool-1 - Shutdown completed.
07:47:55:134  INFO 7544 --- [SpringApplicationShutdownHook] com.alibaba.nacos.common.remote.client   : Shutdown rpc client, set status to shutdown
07:47:55:134  INFO 7544 --- [SpringApplicationShutdownHook] com.alibaba.nacos.common.remote.client   : Shutdown client event executor java.util.concurrent.ScheduledThreadPoolExecutor@1b7e4cc4[Running, pool size = 2, active threads = 2, queued tasks = 0, completed tasks = 0]
07:47:55:134  INFO 7544 --- [SpringApplicationShutdownHook] com.alibaba.nacos.common.remote.client   : Close current connection 1746488754801_172.16.196.1_52386
07:47:55:136  INFO 7544 --- [nacos-grpc-client-executor-65] c.a.n.c.remote.client.grpc.GrpcClient    : [1746488754801_172.16.196.1_52386]Ignore complete event,isRunning:false,isAbandon=false
07:47:55:139  INFO 7544 --- [SpringApplicationShutdownHook] c.a.n.c.remote.client.grpc.GrpcClient    : Shutdown grpc executor java.util.concurrent.ThreadPoolExecutor@6ea45c28[Running, pool size = 8, active threads = 0, queued tasks = 0, completed tasks = 66]
15:35:13:513  INFO 9260 --- [main] com.hmall.item.ItemApplication           : Starting ItemApplication using Java 11.0.27 on MacBookPro with PID 9260 (/Users/mac/Projects/hmall/Item-service/target/classes started by mac in /Users/mac/Projects/hmall)
15:35:13:516 DEBUG 9260 --- [main] com.hmall.item.ItemApplication           : Running with Spring Boot v2.7.12, Spring v5.3.27
15:35:13:517  INFO 9260 --- [main] com.hmall.item.ItemApplication           : The following 1 profile is active: "local"
15:35:15:110  INFO 9260 --- [main] o.s.cloud.context.scope.GenericScope     : BeanFactory id=15411cd5-b645-36ac-96d4-a59d396817cf
15:35:15:664  INFO 9260 --- [main] o.s.b.w.embedded.tomcat.TomcatWebServer  : Tomcat initialized with port(s): 8081 (http)
15:35:15:680  INFO 9260 --- [main] o.apache.catalina.core.StandardService   : Starting service [Tomcat]
15:35:15:681  INFO 9260 --- [main] org.apache.catalina.core.StandardEngine  : Starting Servlet engine: [Apache Tomcat/9.0.75]
15:35:15:891  INFO 9260 --- [main] o.a.c.c.C.[Tomcat].[localhost].[/]       : Initializing Spring embedded WebApplicationContext
15:35:15:893  INFO 9260 --- [main] w.s.c.ServletWebServerApplicationContext : Root WebApplicationContext: initialization completed in 2322 ms
15:35:16:375  INFO 9263 --- [main] com.hmall.item.ItemApplication           : Starting ItemApplication using Java 11.0.27 on MacBookPro with PID 9263 (/Users/mac/Projects/hmall/Item-service/target/classes started by mac in /Users/mac/Projects/hmall)
15:35:16:378 DEBUG 9263 --- [main] com.hmall.item.ItemApplication           : Running with Spring Boot v2.7.12, Spring v5.3.27
15:35:16:386  INFO 9263 --- [main] com.hmall.item.ItemApplication           : The following 1 profile is active: "local"
15:35:17:241  INFO 9260 --- [main] pertySourcedRequestMappingHandlerMapping : Mapped URL path [/v2/api-docs] onto method [springfox.documentation.swagger2.web.Swagger2ControllerWebMvc#getDocumentation(String, HttpServletRequest)]
15:35:17:587  INFO 9260 --- [main] com.alibaba.nacos.common.remote.client   : [RpcClientFactory] create a new rpc client of 5308fa71-3c29-402f-baa4-f2bac4b3ba2b
15:35:17:635  INFO 9260 --- [main] org.reflections.Reflections              : Reflections took 28 ms to scan 1 urls, producing 3 keys and 6 values 
15:35:17:673  INFO 9260 --- [main] org.reflections.Reflections              : Reflections took 17 ms to scan 1 urls, producing 4 keys and 9 values 
15:35:17:697  INFO 9260 --- [main] org.reflections.Reflections              : Reflections took 20 ms to scan 1 urls, producing 3 keys and 10 values 
15:35:17:706  WARN 9260 --- [main] org.reflections.Reflections              : given scan urls are empty. set urls in the configuration
15:35:17:725  INFO 9260 --- [main] org.reflections.Reflections              : Reflections took 18 ms to scan 1 urls, producing 1 keys and 5 values 
15:35:17:747  INFO 9260 --- [main] org.reflections.Reflections              : Reflections took 15 ms to scan 1 urls, producing 1 keys and 7 values 
15:35:17:773  INFO 9260 --- [main] org.reflections.Reflections              : Reflections took 23 ms to scan 1 urls, producing 2 keys and 8 values 
15:35:17:781  WARN 9260 --- [main] org.reflections.Reflections              : given scan urls are empty. set urls in the configuration
15:35:17:786  INFO 9260 --- [main] com.alibaba.nacos.common.remote.client   : [5308fa71-3c29-402f-baa4-f2bac4b3ba2b] RpcClient init label, labels = {module=naming, source=sdk}
15:35:17:789  INFO 9260 --- [main] com.alibaba.nacos.common.remote.client   : [5308fa71-3c29-402f-baa4-f2bac4b3ba2b] RpcClient init, ServerListFactory = com.alibaba.nacos.client.naming.core.ServerListManager
15:35:17:789  INFO 9260 --- [main] com.alibaba.nacos.common.remote.client   : [5308fa71-3c29-402f-baa4-f2bac4b3ba2b] Registry connection listener to current client:com.alibaba.nacos.client.naming.remote.gprc.redo.NamingGrpcRedoService
15:35:17:791  INFO 9260 --- [main] com.alibaba.nacos.common.remote.client   : [5308fa71-3c29-402f-baa4-f2bac4b3ba2b] Register server push request handler:com.alibaba.nacos.client.naming.remote.gprc.NamingPushRequestHandler
15:35:17:794  INFO 9260 --- [main] com.alibaba.nacos.common.remote.client   : [5308fa71-3c29-402f-baa4-f2bac4b3ba2b] Try to connect to server on start up, server: {serverIp = '172.16.196.131', server main port = 8848}
15:35:17:974  INFO 9263 --- [main] o.s.cloud.context.scope.GenericScope     : BeanFactory id=15411cd5-b645-36ac-96d4-a59d396817cf
15:35:18:574  INFO 9263 --- [main] o.s.b.w.embedded.tomcat.TomcatWebServer  : Tomcat initialized with port(s): 8085 (http)
15:35:18:586  INFO 9263 --- [main] o.apache.catalina.core.StandardService   : Starting service [Tomcat]
15:35:18:586  INFO 9263 --- [main] org.apache.catalina.core.StandardEngine  : Starting Servlet engine: [Apache Tomcat/9.0.75]
15:35:18:796  INFO 9263 --- [main] o.a.c.c.C.[Tomcat].[localhost].[/]       : Initializing Spring embedded WebApplicationContext
15:35:18:796  INFO 9263 --- [main] w.s.c.ServletWebServerApplicationContext : Root WebApplicationContext: initialization completed in 2352 ms
15:35:18:807  INFO 9260 --- [main] com.alibaba.nacos.common.remote.client   : [5308fa71-3c29-402f-baa4-f2bac4b3ba2b] Success to connect to server [172.16.196.131:8848] on start up, connectionId = 1746516918813_172.16.196.1_53779
15:35:18:808  INFO 9260 --- [com.alibaba.nacos.client.remote.worker] com.alibaba.nacos.common.remote.client   : [5308fa71-3c29-402f-baa4-f2bac4b3ba2b] Notify connected event to listeners.
15:35:18:811  INFO 9260 --- [main] com.alibaba.nacos.common.remote.client   : [5308fa71-3c29-402f-baa4-f2bac4b3ba2b] Register server push request handler:com.alibaba.nacos.common.remote.client.RpcClient$ConnectResetRequestHandler
15:35:18:811  INFO 9260 --- [main] com.alibaba.nacos.common.remote.client   : [5308fa71-3c29-402f-baa4-f2bac4b3ba2b] Register server push request handler:com.alibaba.nacos.common.remote.client.RpcClient$$Lambda$966/0x00000008405f4440
15:35:18:970  INFO 9260 --- [main] o.s.b.w.embedded.tomcat.TomcatWebServer  : Tomcat started on port(s): 8081 (http) with context path ''
15:35:18:989  INFO 9260 --- [main] c.a.c.n.registry.NacosServiceRegistry    : nacos registry, DEFAULT_GROUP item-service 192.168.43.170:8081 register finished
15:35:18:994  INFO 9260 --- [main] d.s.w.p.DocumentationPluginsBootstrapper : Documentation plugins bootstrapped
15:35:18:998  INFO 9260 --- [main] d.s.w.p.DocumentationPluginsBootstrapper : Found 1 custom documentation plugin(s)
15:35:19:046  INFO 9260 --- [main] s.d.s.w.s.ApiListingReferenceScanner     : Scanning for api listing references
15:35:19:277  INFO 9260 --- [main] com.hmall.item.ItemApplication           : Started ItemApplication in 6.496 seconds (JVM running for 7.305)
15:35:19:542  INFO 9260 --- [nacos-grpc-client-executor-11] com.alibaba.nacos.common.remote.client   : [5308fa71-3c29-402f-baa4-f2bac4b3ba2b] Receive server push request, request = NotifySubscriberRequest, requestId = 23
15:35:19:549  INFO 9260 --- [nacos-grpc-client-executor-11] com.alibaba.nacos.common.remote.client   : [5308fa71-3c29-402f-baa4-f2bac4b3ba2b] Ack server push request, request = NotifySubscriberRequest, requestId = 23
15:35:20:610  INFO 9263 --- [main] pertySourcedRequestMappingHandlerMapping : Mapped URL path [/v2/api-docs] onto method [springfox.documentation.swagger2.web.Swagger2ControllerWebMvc#getDocumentation(String, HttpServletRequest)]
15:35:20:992  INFO 9263 --- [main] com.alibaba.nacos.common.remote.client   : [RpcClientFactory] create a new rpc client of 537d2f5e-7a87-4fe0-a60b-91a4bcff913f
15:35:21:072  INFO 9263 --- [main] org.reflections.Reflections              : Reflections took 55 ms to scan 1 urls, producing 3 keys and 6 values 
15:35:21:127  INFO 9263 --- [main] org.reflections.Reflections              : Reflections took 19 ms to scan 1 urls, producing 4 keys and 9 values 
15:35:21:166  INFO 9263 --- [main] org.reflections.Reflections              : Reflections took 32 ms to scan 1 urls, producing 3 keys and 10 values 
15:35:21:173  WARN 9263 --- [main] org.reflections.Reflections              : given scan urls are empty. set urls in the configuration
15:35:21:192  INFO 9263 --- [main] org.reflections.Reflections              : Reflections took 18 ms to scan 1 urls, producing 1 keys and 5 values 
15:35:21:217  INFO 9263 --- [main] org.reflections.Reflections              : Reflections took 22 ms to scan 1 urls, producing 1 keys and 7 values 
15:35:21:237  INFO 9263 --- [main] org.reflections.Reflections              : Reflections took 16 ms to scan 1 urls, producing 2 keys and 8 values 
15:35:21:240  WARN 9263 --- [main] org.reflections.Reflections              : given scan urls are empty. set urls in the configuration
15:35:21:241  INFO 9263 --- [main] com.alibaba.nacos.common.remote.client   : [537d2f5e-7a87-4fe0-a60b-91a4bcff913f] RpcClient init label, labels = {module=naming, source=sdk}
15:35:21:243  INFO 9263 --- [main] com.alibaba.nacos.common.remote.client   : [537d2f5e-7a87-4fe0-a60b-91a4bcff913f] RpcClient init, ServerListFactory = com.alibaba.nacos.client.naming.core.ServerListManager
15:35:21:243  INFO 9263 --- [main] com.alibaba.nacos.common.remote.client   : [537d2f5e-7a87-4fe0-a60b-91a4bcff913f] Registry connection listener to current client:com.alibaba.nacos.client.naming.remote.gprc.redo.NamingGrpcRedoService
15:35:21:244  INFO 9263 --- [main] com.alibaba.nacos.common.remote.client   : [537d2f5e-7a87-4fe0-a60b-91a4bcff913f] Register server push request handler:com.alibaba.nacos.client.naming.remote.gprc.NamingPushRequestHandler
15:35:21:247  INFO 9263 --- [main] com.alibaba.nacos.common.remote.client   : [537d2f5e-7a87-4fe0-a60b-91a4bcff913f] Try to connect to server on start up, server: {serverIp = '172.16.196.131', server main port = 8848}
15:35:22:137  INFO 9263 --- [main] com.alibaba.nacos.common.remote.client   : [537d2f5e-7a87-4fe0-a60b-91a4bcff913f] Success to connect to server [172.16.196.131:8848] on start up, connectionId = 1746516922149_172.16.196.1_53789
15:35:22:138  INFO 9263 --- [com.alibaba.nacos.client.remote.worker] com.alibaba.nacos.common.remote.client   : [537d2f5e-7a87-4fe0-a60b-91a4bcff913f] Notify connected event to listeners.
15:35:22:139  INFO 9263 --- [main] com.alibaba.nacos.common.remote.client   : [537d2f5e-7a87-4fe0-a60b-91a4bcff913f] Register server push request handler:com.alibaba.nacos.common.remote.client.RpcClient$ConnectResetRequestHandler
15:35:22:140  INFO 9263 --- [main] com.alibaba.nacos.common.remote.client   : [537d2f5e-7a87-4fe0-a60b-91a4bcff913f] Register server push request handler:com.alibaba.nacos.common.remote.client.RpcClient$$Lambda$966/0x00000008405f4440
15:35:22:299  INFO 9263 --- [main] o.s.b.w.embedded.tomcat.TomcatWebServer  : Tomcat started on port(s): 8085 (http) with context path ''
15:35:22:315  INFO 9263 --- [main] c.a.c.n.registry.NacosServiceRegistry    : nacos registry, DEFAULT_GROUP item-service 192.168.43.170:8085 register finished
15:35:22:321  INFO 9263 --- [main] d.s.w.p.DocumentationPluginsBootstrapper : Documentation plugins bootstrapped
15:35:22:325  INFO 9263 --- [main] d.s.w.p.DocumentationPluginsBootstrapper : Found 1 custom documentation plugin(s)
15:35:22:372  INFO 9263 --- [main] s.d.s.w.s.ApiListingReferenceScanner     : Scanning for api listing references
15:35:22:571  INFO 9263 --- [main] com.hmall.item.ItemApplication           : Started ItemApplication in 7.014 seconds (JVM running for 7.894)
15:35:22:784  INFO 9260 --- [nacos-grpc-client-executor-13] com.alibaba.nacos.common.remote.client   : [5308fa71-3c29-402f-baa4-f2bac4b3ba2b] Receive server push request, request = NotifySubscriberRequest, requestId = 24
15:35:22:787  INFO 9260 --- [nacos-grpc-client-executor-13] com.alibaba.nacos.common.remote.client   : [5308fa71-3c29-402f-baa4-f2bac4b3ba2b] Ack server push request, request = NotifySubscriberRequest, requestId = 24
15:35:22:808  INFO 9263 --- [nacos-grpc-client-executor-10] com.alibaba.nacos.common.remote.client   : [537d2f5e-7a87-4fe0-a60b-91a4bcff913f] Receive server push request, request = NotifySubscriberRequest, requestId = 25
15:35:22:811  INFO 9263 --- [nacos-grpc-client-executor-10] com.alibaba.nacos.common.remote.client   : [537d2f5e-7a87-4fe0-a60b-91a4bcff913f] Ack server push request, request = NotifySubscriberRequest, requestId = 25
15:37:36:392  INFO 9263 --- [http-nio-8085-exec-1] o.a.c.c.C.[Tomcat].[localhost].[/]       : Initializing Spring DispatcherServlet 'dispatcherServlet'
15:37:36:393  INFO 9263 --- [http-nio-8085-exec-1] o.s.web.servlet.DispatcherServlet        : Initializing Servlet 'dispatcherServlet'
15:37:36:395  INFO 9263 --- [http-nio-8085-exec-1] o.s.web.servlet.DispatcherServlet        : Completed initialization in 2 ms
15:37:36:597  INFO 9263 --- [http-nio-8085-exec-1] com.zaxxer.hikari.HikariDataSource       : HikariPool-1 - Starting...
15:37:36:816  INFO 9263 --- [http-nio-8085-exec-1] com.zaxxer.hikari.HikariDataSource       : HikariPool-1 - Start completed.
15:37:36:822 DEBUG 9263 --- [http-nio-8085-exec-1] c.h.i.m.ItemMapper.selectList_mpCount    : ==>  Preparing: SELECT COUNT(*) AS total FROM item WHERE (status = ?)
15:37:36:840 DEBUG 9263 --- [http-nio-8085-exec-1] c.h.i.m.ItemMapper.selectList_mpCount    : ==> Parameters: 1(Integer)
15:37:36:883 DEBUG 9263 --- [http-nio-8085-exec-1] c.h.i.m.ItemMapper.selectList_mpCount    : <==      Total: 1
15:37:36:895 DEBUG 9263 --- [http-nio-8085-exec-1] c.h.item.mapper.ItemMapper.selectList    : ==>  Preparing: SELECT id, name, price, stock, image, category, brand, spec, sold, comment_count, isAD, status, create_time, update_time, creater, updater FROM item WHERE (status = ?) ORDER BY update_time DESC LIMIT ?
15:37:36:896 DEBUG 9263 --- [http-nio-8085-exec-1] c.h.item.mapper.ItemMapper.selectList    : ==> Parameters: 1(Integer), 20(Long)
15:37:36:912 DEBUG 9263 --- [http-nio-8085-exec-1] c.h.item.mapper.ItemMapper.selectList    : <==      Total: 20
15:48:14:089 DEBUG 9263 --- [http-nio-8085-exec-3] c.h.i.m.ItemMapper.selectList_mpCount    : ==>  Preparing: SELECT COUNT(*) AS total FROM item WHERE (status = ?)
15:48:14:093 DEBUG 9263 --- [http-nio-8085-exec-3] c.h.i.m.ItemMapper.selectList_mpCount    : ==> Parameters: 1(Integer)
15:48:14:115 DEBUG 9263 --- [http-nio-8085-exec-3] c.h.i.m.ItemMapper.selectList_mpCount    : <==      Total: 1
15:48:14:118 DEBUG 9263 --- [http-nio-8085-exec-3] c.h.item.mapper.ItemMapper.selectList    : ==>  Preparing: SELECT id, name, price, stock, image, category, brand, spec, sold, comment_count, isAD, status, create_time, update_time, creater, updater FROM item WHERE (status = ?) ORDER BY update_time DESC LIMIT ?
15:48:14:119 DEBUG 9263 --- [http-nio-8085-exec-3] c.h.item.mapper.ItemMapper.selectList    : ==> Parameters: 1(Integer), 20(Long)
15:48:14:125 DEBUG 9263 --- [http-nio-8085-exec-3] c.h.item.mapper.ItemMapper.selectList    : <==      Total: 20
15:58:03:934 DEBUG 9263 --- [http-nio-8085-exec-5] c.h.i.mapper.ItemMapper.selectBatchIds   : ==>  Preparing: SELECT id,name,price,stock,image,category,brand,spec,sold,comment_count,isAD,status,create_time,update_time,creater,updater FROM item WHERE id IN ( ? )
15:58:03:938 DEBUG 9263 --- [http-nio-8085-exec-5] c.h.i.mapper.ItemMapper.selectBatchIds   : ==> Parameters: 100000006163(Long)
15:58:03:945 DEBUG 9263 --- [http-nio-8085-exec-5] c.h.i.mapper.ItemMapper.selectBatchIds   : <==      Total: 1
16:26:20:658  INFO 9260 --- [http-nio-8081-exec-1] o.a.c.c.C.[Tomcat].[localhost].[/]       : Initializing Spring DispatcherServlet 'dispatcherServlet'
16:26:20:662  INFO 9260 --- [http-nio-8081-exec-1] o.s.web.servlet.DispatcherServlet        : Initializing Servlet 'dispatcherServlet'
16:26:20:714  INFO 9260 --- [http-nio-8081-exec-1] o.s.web.servlet.DispatcherServlet        : Completed initialization in 51 ms
16:26:21:076  INFO 9260 --- [http-nio-8081-exec-1] com.zaxxer.hikari.HikariDataSource       : HikariPool-1 - Starting...
16:26:21:414  INFO 9260 --- [http-nio-8081-exec-1] com.zaxxer.hikari.HikariDataSource       : HikariPool-1 - Start completed.
16:26:21:420 DEBUG 9260 --- [http-nio-8081-exec-1] c.h.i.m.ItemMapper.selectList_mpCount    : ==>  Preparing: SELECT COUNT(*) AS total FROM item WHERE (status = ?)
16:26:21:445 DEBUG 9260 --- [http-nio-8081-exec-1] c.h.i.m.ItemMapper.selectList_mpCount    : ==> Parameters: 1(Integer)
16:26:21:481 DEBUG 9260 --- [http-nio-8081-exec-1] c.h.i.m.ItemMapper.selectList_mpCount    : <==      Total: 1
16:26:21:494 DEBUG 9260 --- [http-nio-8081-exec-1] c.h.item.mapper.ItemMapper.selectList    : ==>  Preparing: SELECT id, name, price, stock, image, category, brand, spec, sold, comment_count, isAD, status, create_time, update_time, creater, updater FROM item WHERE (status = ?) ORDER BY update_time DESC LIMIT ?
16:26:21:495 DEBUG 9260 --- [http-nio-8081-exec-1] c.h.item.mapper.ItemMapper.selectList    : ==> Parameters: 1(Integer), 20(Long)
16:26:21:513 DEBUG 9260 --- [http-nio-8081-exec-1] c.h.item.mapper.ItemMapper.selectList    : <==      Total: 20
16:26:41:607 DEBUG 9263 --- [http-nio-8085-exec-7] c.h.i.m.ItemMapper.selectList_mpCount    : ==>  Preparing: SELECT COUNT(*) AS total FROM item WHERE (status = ?)
16:26:41:611 DEBUG 9263 --- [http-nio-8085-exec-7] c.h.i.m.ItemMapper.selectList_mpCount    : ==> Parameters: 1(Integer)
16:26:41:631 DEBUG 9263 --- [http-nio-8085-exec-7] c.h.i.m.ItemMapper.selectList_mpCount    : <==      Total: 1
16:26:41:635 DEBUG 9263 --- [http-nio-8085-exec-7] c.h.item.mapper.ItemMapper.selectList    : ==>  Preparing: SELECT id, name, price, stock, image, category, brand, spec, sold, comment_count, isAD, status, create_time, update_time, creater, updater FROM item WHERE (status = ?) ORDER BY update_time DESC LIMIT ?
16:26:41:635 DEBUG 9263 --- [http-nio-8085-exec-7] c.h.item.mapper.ItemMapper.selectList    : ==> Parameters: 1(Integer), 20(Long)
16:26:41:643 DEBUG 9263 --- [http-nio-8085-exec-7] c.h.item.mapper.ItemMapper.selectList    : <==      Total: 20
16:26:58:798 DEBUG 9260 --- [http-nio-8081-exec-2] c.h.i.m.ItemMapper.selectList_mpCount    : ==>  Preparing: SELECT COUNT(*) AS total FROM item WHERE (status = ?)
16:26:58:801 DEBUG 9260 --- [http-nio-8081-exec-2] c.h.i.m.ItemMapper.selectList_mpCount    : ==> Parameters: 1(Integer)
16:26:58:831 DEBUG 9260 --- [http-nio-8081-exec-2] c.h.i.m.ItemMapper.selectList_mpCount    : <==      Total: 1
16:26:58:836 DEBUG 9260 --- [http-nio-8081-exec-2] c.h.item.mapper.ItemMapper.selectList    : ==>  Preparing: SELECT id, name, price, stock, image, category, brand, spec, sold, comment_count, isAD, status, create_time, update_time, creater, updater FROM item WHERE (status = ?) ORDER BY update_time DESC LIMIT ?
16:26:58:836 DEBUG 9260 --- [http-nio-8081-exec-2] c.h.item.mapper.ItemMapper.selectList    : ==> Parameters: 1(Integer), 20(Long)
16:26:58:842 DEBUG 9260 --- [http-nio-8081-exec-2] c.h.item.mapper.ItemMapper.selectList    : <==      Total: 20
16:37:44:330 DEBUG 9263 --- [http-nio-8085-exec-9] c.h.i.m.ItemMapper.selectList_mpCount    : ==>  Preparing: SELECT COUNT(*) AS total FROM item WHERE (status = ?)
16:37:44:335 DEBUG 9263 --- [http-nio-8085-exec-9] c.h.i.m.ItemMapper.selectList_mpCount    : ==> Parameters: 1(Integer)
16:37:44:359 DEBUG 9263 --- [http-nio-8085-exec-9] c.h.i.m.ItemMapper.selectList_mpCount    : <==      Total: 1
16:37:44:364 DEBUG 9263 --- [http-nio-8085-exec-9] c.h.item.mapper.ItemMapper.selectList    : ==>  Preparing: SELECT id, name, price, stock, image, category, brand, spec, sold, comment_count, isAD, status, create_time, update_time, creater, updater FROM item WHERE (status = ?) ORDER BY update_time DESC LIMIT ?
16:37:44:368 DEBUG 9263 --- [http-nio-8085-exec-9] c.h.item.mapper.ItemMapper.selectList    : ==> Parameters: 1(Integer), 20(Long)
16:37:44:374 DEBUG 9263 --- [http-nio-8085-exec-9] c.h.item.mapper.ItemMapper.selectList    : <==      Total: 20
16:43:05:086  WARN 9260 --- [Thread-7] c.a.n.common.http.HttpClientBeanHolder   : [HttpClientBeanHolder] Start destroying common HttpClient
16:43:05:086  WARN 9260 --- [Thread-4] c.a.nacos.common.notify.NotifyCenter     : [NotifyCenter] Start destroying Publisher
16:43:05:090  WARN 9260 --- [Thread-4] c.a.nacos.common.notify.NotifyCenter     : [NotifyCenter] Destruction of the end
16:43:05:095  WARN 9260 --- [Thread-7] c.a.n.common.http.HttpClientBeanHolder   : [HttpClientBeanHolder] Destruction of the end
16:43:05:102  WARN 9263 --- [Thread-7] c.a.n.common.http.HttpClientBeanHolder   : [HttpClientBeanHolder] Start destroying common HttpClient
16:43:05:104  WARN 9263 --- [Thread-4] c.a.nacos.common.notify.NotifyCenter     : [NotifyCenter] Start destroying Publisher
16:43:05:106  WARN 9263 --- [Thread-4] c.a.nacos.common.notify.NotifyCenter     : [NotifyCenter] Destruction of the end
16:43:05:133  WARN 9263 --- [Thread-7] c.a.n.common.http.HttpClientBeanHolder   : [HttpClientBeanHolder] Destruction of the end
16:43:05:473  INFO 9263 --- [SpringApplicationShutdownHook] c.a.c.n.registry.NacosServiceRegistry    : De-registering from Nacos Server now...
16:43:05:481  INFO 9263 --- [SpringApplicationShutdownHook] c.a.c.n.registry.NacosServiceRegistry    : De-registration finished.
16:43:05:557  INFO 9260 --- [SpringApplicationShutdownHook] c.a.c.n.registry.NacosServiceRegistry    : De-registering from Nacos Server now...
16:43:05:566  INFO 9260 --- [SpringApplicationShutdownHook] c.a.c.n.registry.NacosServiceRegistry    : De-registration finished.
16:43:05:795  INFO 9263 --- [SpringApplicationShutdownHook] com.alibaba.nacos.common.remote.client   : Shutdown rpc client, set status to shutdown
16:43:05:795  INFO 9263 --- [SpringApplicationShutdownHook] com.alibaba.nacos.common.remote.client   : Shutdown client event executor java.util.concurrent.ScheduledThreadPoolExecutor@642f3a2e[Running, pool size = 2, active threads = 2, queued tasks = 0, completed tasks = 0]
16:43:05:796  INFO 9263 --- [SpringApplicationShutdownHook] com.alibaba.nacos.common.remote.client   : Close current connection 1746516922149_172.16.196.1_53789
16:43:05:798  INFO 9263 --- [nacos-grpc-client-executor-1002] c.a.n.c.remote.client.grpc.GrpcClient    : [1746516922149_172.16.196.1_53789]Ignore complete event,isRunning:false,isAbandon=false
16:43:05:809  INFO 9263 --- [SpringApplicationShutdownHook] c.a.n.c.remote.client.grpc.GrpcClient    : Shutdown grpc executor java.util.concurrent.ThreadPoolExecutor@32abf27c[Running, pool size = 6, active threads = 0, queued tasks = 0, completed tasks = 1003]
16:43:05:819  INFO 9263 --- [SpringApplicationShutdownHook] com.zaxxer.hikari.HikariDataSource       : HikariPool-1 - Shutdown initiated...
16:43:05:840  INFO 9263 --- [SpringApplicationShutdownHook] com.zaxxer.hikari.HikariDataSource       : HikariPool-1 - Shutdown completed.
16:43:05:881  INFO 9260 --- [SpringApplicationShutdownHook] com.alibaba.nacos.common.remote.client   : Shutdown rpc client, set status to shutdown
16:43:05:881  INFO 9260 --- [SpringApplicationShutdownHook] com.alibaba.nacos.common.remote.client   : Shutdown client event executor java.util.concurrent.ScheduledThreadPoolExecutor@17ed599c[Running, pool size = 2, active threads = 2, queued tasks = 0, completed tasks = 0]
16:43:05:882  INFO 9260 --- [SpringApplicationShutdownHook] com.alibaba.nacos.common.remote.client   : Close current connection 1746516918813_172.16.196.1_53779
16:43:05:885  INFO 9260 --- [nacos-grpc-client-executor-990] c.a.n.c.remote.client.grpc.GrpcClient    : [1746516918813_172.16.196.1_53779]Ignore complete event,isRunning:false,isAbandon=false
16:43:05:898  INFO 9260 --- [SpringApplicationShutdownHook] c.a.n.c.remote.client.grpc.GrpcClient    : Shutdown grpc executor java.util.concurrent.ThreadPoolExecutor@279b1fc9[Running, pool size = 6, active threads = 0, queued tasks = 0, completed tasks = 991]
16:43:05:913  INFO 9260 --- [SpringApplicationShutdownHook] com.zaxxer.hikari.HikariDataSource       : HikariPool-1 - Shutdown initiated...
16:43:05:958  INFO 9260 --- [SpringApplicationShutdownHook] com.zaxxer.hikari.HikariDataSource       : HikariPool-1 - Shutdown completed.
17:05:49:933  INFO 14288 --- [main] com.hmall.item.ItemApplication           : Starting ItemApplication using Java 11.0.27 on MacBookPro with PID 14288 (/Users/mac/Projects/hmall/Item-service/target/classes started by mac in /Users/mac/Projects/hmall)
17:05:49:936 DEBUG 14288 --- [main] com.hmall.item.ItemApplication           : Running with Spring Boot v2.7.12, Spring v5.3.27
17:05:49:936  INFO 14288 --- [main] com.hmall.item.ItemApplication           : The following 1 profile is active: "local"
17:05:52:346  INFO 14288 --- [main] o.s.cloud.context.scope.GenericScope     : BeanFactory id=1b6e4a49-40ff-3b70-b961-162516e0b119
17:05:53:333  INFO 14288 --- [main] o.s.b.w.embedded.tomcat.TomcatWebServer  : Tomcat initialized with port(s): 8081 (http)
17:05:53:354  INFO 14288 --- [main] o.apache.catalina.core.StandardService   : Starting service [Tomcat]
17:05:53:357  INFO 14288 --- [main] org.apache.catalina.core.StandardEngine  : Starting Servlet engine: [Apache Tomcat/9.0.75]
17:05:53:708  INFO 14288 --- [main] o.a.c.c.C.[Tomcat].[localhost].[/]       : Initializing Spring embedded WebApplicationContext
17:05:53:709  INFO 14288 --- [main] w.s.c.ServletWebServerApplicationContext : Root WebApplicationContext: initialization completed in 3702 ms
17:05:55:444  INFO 14288 --- [main] pertySourcedRequestMappingHandlerMapping : Mapped URL path [/v2/api-docs] onto method [springfox.documentation.swagger2.web.Swagger2ControllerWebMvc#getDocumentation(String, HttpServletRequest)]
17:05:56:078  INFO 14288 --- [main] com.alibaba.nacos.common.remote.client   : [RpcClientFactory] create a new rpc client of 6779c3c6-b122-44c2-907e-71a1f2a86a74
17:05:56:224  INFO 14288 --- [main] org.reflections.Reflections              : Reflections took 64 ms to scan 1 urls, producing 3 keys and 6 values 
17:05:56:355  INFO 14288 --- [main] org.reflections.Reflections              : Reflections took 36 ms to scan 1 urls, producing 4 keys and 9 values 
17:05:56:401  INFO 14288 --- [main] org.reflections.Reflections              : Reflections took 34 ms to scan 1 urls, producing 3 keys and 10 values 
17:05:56:406  WARN 14288 --- [main] org.reflections.Reflections              : given scan urls are empty. set urls in the configuration
17:05:56:420  INFO 14288 --- [main] org.reflections.Reflections              : Reflections took 13 ms to scan 1 urls, producing 1 keys and 5 values 
17:05:56:443  INFO 14288 --- [main] org.reflections.Reflections              : Reflections took 16 ms to scan 1 urls, producing 1 keys and 7 values 
17:05:56:464  INFO 14288 --- [main] org.reflections.Reflections              : Reflections took 14 ms to scan 1 urls, producing 2 keys and 8 values 
17:05:56:466  WARN 14288 --- [main] org.reflections.Reflections              : given scan urls are empty. set urls in the configuration
17:05:56:469  INFO 14288 --- [main] com.alibaba.nacos.common.remote.client   : [6779c3c6-b122-44c2-907e-71a1f2a86a74] RpcClient init label, labels = {module=naming, source=sdk}
17:05:56:473  INFO 14288 --- [main] com.alibaba.nacos.common.remote.client   : [6779c3c6-b122-44c2-907e-71a1f2a86a74] RpcClient init, ServerListFactory = com.alibaba.nacos.client.naming.core.ServerListManager
17:05:56:473  INFO 14288 --- [main] com.alibaba.nacos.common.remote.client   : [6779c3c6-b122-44c2-907e-71a1f2a86a74] Registry connection listener to current client:com.alibaba.nacos.client.naming.remote.gprc.redo.NamingGrpcRedoService
17:05:56:474  INFO 14288 --- [main] com.alibaba.nacos.common.remote.client   : [6779c3c6-b122-44c2-907e-71a1f2a86a74] Register server push request handler:com.alibaba.nacos.client.naming.remote.gprc.NamingPushRequestHandler
17:05:56:481  INFO 14288 --- [main] com.alibaba.nacos.common.remote.client   : [6779c3c6-b122-44c2-907e-71a1f2a86a74] Try to connect to server on start up, server: {serverIp = '172.16.196.131', server main port = 8848}
17:05:57:952  INFO 14288 --- [main] com.alibaba.nacos.common.remote.client   : [6779c3c6-b122-44c2-907e-71a1f2a86a74] Success to connect to server [172.16.196.131:8848] on start up, connectionId = 1746522357738_172.16.196.1_50711
17:05:57:954  INFO 14288 --- [main] com.alibaba.nacos.common.remote.client   : [6779c3c6-b122-44c2-907e-71a1f2a86a74] Register server push request handler:com.alibaba.nacos.common.remote.client.RpcClient$ConnectResetRequestHandler
17:05:57:955  INFO 14288 --- [main] com.alibaba.nacos.common.remote.client   : [6779c3c6-b122-44c2-907e-71a1f2a86a74] Register server push request handler:com.alibaba.nacos.common.remote.client.RpcClient$$Lambda$966/0x00000008405f2040
17:05:57:954  INFO 14288 --- [com.alibaba.nacos.client.remote.worker] com.alibaba.nacos.common.remote.client   : [6779c3c6-b122-44c2-907e-71a1f2a86a74] Notify connected event to listeners.
17:05:58:193  INFO 14288 --- [main] o.s.b.w.embedded.tomcat.TomcatWebServer  : Tomcat started on port(s): 8081 (http) with context path ''
17:05:58:217  INFO 14288 --- [main] c.a.c.n.registry.NacosServiceRegistry    : nacos registry, DEFAULT_GROUP item-service 192.168.43.170:8081 register finished
17:05:58:226  INFO 14288 --- [main] d.s.w.p.DocumentationPluginsBootstrapper : Documentation plugins bootstrapped
17:05:58:234  INFO 14288 --- [main] d.s.w.p.DocumentationPluginsBootstrapper : Found 1 custom documentation plugin(s)
17:05:58:354  INFO 14288 --- [main] s.d.s.w.s.ApiListingReferenceScanner     : Scanning for api listing references
17:05:58:476  INFO 14293 --- [main] com.hmall.item.ItemApplication           : Starting ItemApplication using Java 11.0.27 on MacBookPro with PID 14293 (/Users/mac/Projects/hmall/Item-service/target/classes started by mac in /Users/mac/Projects/hmall)
17:05:58:479 DEBUG 14293 --- [main] com.hmall.item.ItemApplication           : Running with Spring Boot v2.7.12, Spring v5.3.27
17:05:58:483  INFO 14293 --- [main] com.hmall.item.ItemApplication           : The following 1 profile is active: "local"
17:05:58:643  INFO 14288 --- [nacos-grpc-client-executor-12] com.alibaba.nacos.common.remote.client   : [6779c3c6-b122-44c2-907e-71a1f2a86a74] Receive server push request, request = NotifySubscriberRequest, requestId = 44
17:05:58:649  INFO 14288 --- [nacos-grpc-client-executor-12] com.alibaba.nacos.common.remote.client   : [6779c3c6-b122-44c2-907e-71a1f2a86a74] Ack server push request, request = NotifySubscriberRequest, requestId = 44
17:05:58:926  INFO 14288 --- [main] com.hmall.item.ItemApplication           : Started ItemApplication in 9.807 seconds (JVM running for 10.794)
17:06:01:440  INFO 14293 --- [main] o.s.cloud.context.scope.GenericScope     : BeanFactory id=1b6e4a49-40ff-3b70-b961-162516e0b119
17:06:02:384  INFO 14293 --- [main] o.s.b.w.embedded.tomcat.TomcatWebServer  : Tomcat initialized with port(s): 8085 (http)
17:06:02:398  INFO 14293 --- [main] o.apache.catalina.core.StandardService   : Starting service [Tomcat]
17:06:02:399  INFO 14293 --- [main] org.apache.catalina.core.StandardEngine  : Starting Servlet engine: [Apache Tomcat/9.0.75]
17:06:02:636  INFO 14293 --- [main] o.a.c.c.C.[Tomcat].[localhost].[/]       : Initializing Spring embedded WebApplicationContext
17:06:02:637  INFO 14293 --- [main] w.s.c.ServletWebServerApplicationContext : Root WebApplicationContext: initialization completed in 4007 ms
17:06:04:348  INFO 14293 --- [main] pertySourcedRequestMappingHandlerMapping : Mapped URL path [/v2/api-docs] onto method [springfox.documentation.swagger2.web.Swagger2ControllerWebMvc#getDocumentation(String, HttpServletRequest)]
17:06:04:852  INFO 14293 --- [main] com.alibaba.nacos.common.remote.client   : [RpcClientFactory] create a new rpc client of 5c83bb8e-5f6b-4a8e-bbc4-c0b245cf8f16
17:06:04:982  INFO 14293 --- [main] org.reflections.Reflections              : Reflections took 75 ms to scan 1 urls, producing 3 keys and 6 values 
17:06:05:068  INFO 14293 --- [main] org.reflections.Reflections              : Reflections took 28 ms to scan 1 urls, producing 4 keys and 9 values 
17:06:05:109  INFO 14293 --- [main] org.reflections.Reflections              : Reflections took 33 ms to scan 1 urls, producing 3 keys and 10 values 
17:06:05:116  WARN 14293 --- [main] org.reflections.Reflections              : given scan urls are empty. set urls in the configuration
17:06:05:133  INFO 14293 --- [main] org.reflections.Reflections              : Reflections took 16 ms to scan 1 urls, producing 1 keys and 5 values 
17:06:05:168  INFO 14293 --- [main] org.reflections.Reflections              : Reflections took 24 ms to scan 1 urls, producing 1 keys and 7 values 
17:06:05:197  INFO 14293 --- [main] org.reflections.Reflections              : Reflections took 23 ms to scan 1 urls, producing 2 keys and 8 values 
17:06:05:202  WARN 14293 --- [main] org.reflections.Reflections              : given scan urls are empty. set urls in the configuration
17:06:05:203  INFO 14293 --- [main] com.alibaba.nacos.common.remote.client   : [5c83bb8e-5f6b-4a8e-bbc4-c0b245cf8f16] RpcClient init label, labels = {module=naming, source=sdk}
17:06:05:207  INFO 14293 --- [main] com.alibaba.nacos.common.remote.client   : [5c83bb8e-5f6b-4a8e-bbc4-c0b245cf8f16] RpcClient init, ServerListFactory = com.alibaba.nacos.client.naming.core.ServerListManager
17:06:05:207  INFO 14293 --- [main] com.alibaba.nacos.common.remote.client   : [5c83bb8e-5f6b-4a8e-bbc4-c0b245cf8f16] Registry connection listener to current client:com.alibaba.nacos.client.naming.remote.gprc.redo.NamingGrpcRedoService
17:06:05:208  INFO 14293 --- [main] com.alibaba.nacos.common.remote.client   : [5c83bb8e-5f6b-4a8e-bbc4-c0b245cf8f16] Register server push request handler:com.alibaba.nacos.client.naming.remote.gprc.NamingPushRequestHandler
17:06:05:212  INFO 14293 --- [main] com.alibaba.nacos.common.remote.client   : [5c83bb8e-5f6b-4a8e-bbc4-c0b245cf8f16] Try to connect to server on start up, server: {serverIp = '172.16.196.131', server main port = 8848}
17:06:06:447  INFO 14293 --- [main] com.alibaba.nacos.common.remote.client   : [5c83bb8e-5f6b-4a8e-bbc4-c0b245cf8f16] Success to connect to server [172.16.196.131:8848] on start up, connectionId = 1746522366321_172.16.196.1_50766
17:06:06:449  INFO 14293 --- [com.alibaba.nacos.client.remote.worker] com.alibaba.nacos.common.remote.client   : [5c83bb8e-5f6b-4a8e-bbc4-c0b245cf8f16] Notify connected event to listeners.
17:06:06:452  INFO 14293 --- [main] com.alibaba.nacos.common.remote.client   : [5c83bb8e-5f6b-4a8e-bbc4-c0b245cf8f16] Register server push request handler:com.alibaba.nacos.common.remote.client.RpcClient$ConnectResetRequestHandler
17:06:06:453  INFO 14293 --- [main] com.alibaba.nacos.common.remote.client   : [5c83bb8e-5f6b-4a8e-bbc4-c0b245cf8f16] Register server push request handler:com.alibaba.nacos.common.remote.client.RpcClient$$Lambda$966/0x00000008405f3040
17:06:06:628  INFO 14293 --- [main] o.s.b.w.embedded.tomcat.TomcatWebServer  : Tomcat started on port(s): 8085 (http) with context path ''
17:06:06:655  INFO 14293 --- [main] c.a.c.n.registry.NacosServiceRegistry    : nacos registry, DEFAULT_GROUP item-service 192.168.43.170:8085 register finished
17:06:06:662  INFO 14293 --- [main] d.s.w.p.DocumentationPluginsBootstrapper : Documentation plugins bootstrapped
17:06:06:667  INFO 14293 --- [main] d.s.w.p.DocumentationPluginsBootstrapper : Found 1 custom documentation plugin(s)
17:06:06:718  INFO 14293 --- [main] s.d.s.w.s.ApiListingReferenceScanner     : Scanning for api listing references
17:06:07:070  INFO 14288 --- [nacos-grpc-client-executor-18] com.alibaba.nacos.common.remote.client   : [6779c3c6-b122-44c2-907e-71a1f2a86a74] Receive server push request, request = NotifySubscriberRequest, requestId = 47
17:06:07:072  INFO 14288 --- [nacos-grpc-client-executor-18] com.alibaba.nacos.common.remote.client   : [6779c3c6-b122-44c2-907e-71a1f2a86a74] Ack server push request, request = NotifySubscriberRequest, requestId = 47
17:06:07:100  INFO 14293 --- [nacos-grpc-client-executor-11] com.alibaba.nacos.common.remote.client   : [5c83bb8e-5f6b-4a8e-bbc4-c0b245cf8f16] Receive server push request, request = NotifySubscriberRequest, requestId = 46
17:06:07:104  INFO 14293 --- [main] com.hmall.item.ItemApplication           : Started ItemApplication in 9.961 seconds (JVM running for 11.433)
17:06:07:104  INFO 14293 --- [nacos-grpc-client-executor-11] com.alibaba.nacos.common.remote.client   : [5c83bb8e-5f6b-4a8e-bbc4-c0b245cf8f16] Ack server push request, request = NotifySubscriberRequest, requestId = 46
17:12:12:534  INFO 14288 --- [http-nio-8081-exec-1] o.a.c.c.C.[Tomcat].[localhost].[/]       : Initializing Spring DispatcherServlet 'dispatcherServlet'
17:12:12:535  INFO 14288 --- [http-nio-8081-exec-1] o.s.web.servlet.DispatcherServlet        : Initializing Servlet 'dispatcherServlet'
17:12:12:538  INFO 14288 --- [http-nio-8081-exec-1] o.s.web.servlet.DispatcherServlet        : Completed initialization in 2 ms
17:12:12:777  INFO 14288 --- [http-nio-8081-exec-1] com.zaxxer.hikari.HikariDataSource       : HikariPool-1 - Starting...
17:12:13:168  INFO 14288 --- [http-nio-8081-exec-1] com.zaxxer.hikari.HikariDataSource       : HikariPool-1 - Start completed.
17:12:13:173 DEBUG 14288 --- [http-nio-8081-exec-1] c.h.i.m.ItemMapper.selectList_mpCount    : ==>  Preparing: SELECT COUNT(*) AS total FROM item WHERE (status = ?)
17:12:13:214 DEBUG 14288 --- [http-nio-8081-exec-1] c.h.i.m.ItemMapper.selectList_mpCount    : ==> Parameters: 1(Integer)
17:12:13:260 DEBUG 14288 --- [http-nio-8081-exec-1] c.h.i.m.ItemMapper.selectList_mpCount    : <==      Total: 1
17:12:13:272 DEBUG 14288 --- [http-nio-8081-exec-1] c.h.item.mapper.ItemMapper.selectList    : ==>  Preparing: SELECT id, name, price, stock, image, category, brand, spec, sold, comment_count, isAD, status, create_time, update_time, creater, updater FROM item WHERE (status = ?) ORDER BY update_time DESC LIMIT ?
17:12:13:273 DEBUG 14288 --- [http-nio-8081-exec-1] c.h.item.mapper.ItemMapper.selectList    : ==> Parameters: 1(Integer), 20(Long)
17:12:13:289 DEBUG 14288 --- [http-nio-8081-exec-1] c.h.item.mapper.ItemMapper.selectList    : <==      Total: 20
17:18:53:620 DEBUG 14288 --- [http-nio-8081-exec-3] c.h.i.m.ItemMapper.selectList_mpCount    : ==>  Preparing: SELECT COUNT(*) AS total FROM item WHERE (status = ?)
17:18:53:622 DEBUG 14288 --- [http-nio-8081-exec-3] c.h.i.m.ItemMapper.selectList_mpCount    : ==> Parameters: 1(Integer)
17:18:53:650 DEBUG 14288 --- [http-nio-8081-exec-3] c.h.i.m.ItemMapper.selectList_mpCount    : <==      Total: 1
17:18:53:654 DEBUG 14288 --- [http-nio-8081-exec-3] c.h.item.mapper.ItemMapper.selectList    : ==>  Preparing: SELECT id, name, price, stock, image, category, brand, spec, sold, comment_count, isAD, status, create_time, update_time, creater, updater FROM item WHERE (status = ?) ORDER BY update_time DESC LIMIT ?
17:18:53:655 DEBUG 14288 --- [http-nio-8081-exec-3] c.h.item.mapper.ItemMapper.selectList    : ==> Parameters: 1(Integer), 20(Long)
17:18:53:665 DEBUG 14288 --- [http-nio-8081-exec-3] c.h.item.mapper.ItemMapper.selectList    : <==      Total: 20
17:53:22:738 DEBUG 14288 --- [http-nio-8081-exec-5] c.h.i.mapper.ItemMapper.selectBatchIds   : ==>  Preparing: SELECT id,name,price,stock,image,category,brand,spec,sold,comment_count,isAD,status,create_time,update_time,creater,updater FROM item WHERE id IN ( ? )
17:53:22:742 DEBUG 14288 --- [http-nio-8081-exec-5] c.h.i.mapper.ItemMapper.selectBatchIds   : ==> Parameters: 100000006163(Long)
17:53:22:752 DEBUG 14288 --- [http-nio-8081-exec-5] c.h.i.mapper.ItemMapper.selectBatchIds   : <==      Total: 1
18:05:10:609  INFO 14293 --- [http-nio-8085-exec-1] o.a.c.c.C.[Tomcat].[localhost].[/]       : Initializing Spring DispatcherServlet 'dispatcherServlet'
18:05:10:612  INFO 14293 --- [http-nio-8085-exec-1] o.s.web.servlet.DispatcherServlet        : Initializing Servlet 'dispatcherServlet'
18:05:10:664  INFO 14293 --- [http-nio-8085-exec-1] o.s.web.servlet.DispatcherServlet        : Completed initialization in 52 ms
18:05:10:874  INFO 14293 --- [http-nio-8085-exec-1] com.zaxxer.hikari.HikariDataSource       : HikariPool-1 - Starting...
18:05:11:201  INFO 14293 --- [http-nio-8085-exec-1] com.zaxxer.hikari.HikariDataSource       : HikariPool-1 - Start completed.
18:05:11:210 DEBUG 14293 --- [http-nio-8085-exec-1] c.h.i.mapper.ItemMapper.selectBatchIds   : ==>  Preparing: SELECT id,name,price,stock,image,category,brand,spec,sold,comment_count,isAD,status,create_time,update_time,creater,updater FROM item WHERE id IN ( ? )
18:05:11:236 DEBUG 14293 --- [http-nio-8085-exec-1] c.h.i.mapper.ItemMapper.selectBatchIds   : ==> Parameters: 100000006163(Long)
18:05:11:267 DEBUG 14293 --- [http-nio-8085-exec-1] c.h.i.mapper.ItemMapper.selectBatchIds   : <==      Total: 1
18:05:14:920 DEBUG 14288 --- [http-nio-8081-exec-7] c.h.i.mapper.ItemMapper.selectBatchIds   : ==>  Preparing: SELECT id,name,price,stock,image,category,brand,spec,sold,comment_count,isAD,status,create_time,update_time,creater,updater FROM item WHERE id IN ( ? )
18:05:14:923 DEBUG 14288 --- [http-nio-8081-exec-7] c.h.i.mapper.ItemMapper.selectBatchIds   : ==> Parameters: 100000006163(Long)
18:05:14:929 DEBUG 14288 --- [http-nio-8081-exec-7] c.h.i.mapper.ItemMapper.selectBatchIds   : <==      Total: 1
18:05:18:662 DEBUG 14293 --- [http-nio-8085-exec-2] c.h.i.mapper.ItemMapper.selectBatchIds   : ==>  Preparing: SELECT id,name,price,stock,image,category,brand,spec,sold,comment_count,isAD,status,create_time,update_time,creater,updater FROM item WHERE id IN ( ? )
18:05:18:664 DEBUG 14293 --- [http-nio-8085-exec-2] c.h.i.mapper.ItemMapper.selectBatchIds   : ==> Parameters: 100000006163(Long)
18:05:18:669 DEBUG 14293 --- [http-nio-8085-exec-2] c.h.i.mapper.ItemMapper.selectBatchIds   : <==      Total: 1
18:05:19:993 DEBUG 14288 --- [http-nio-8081-exec-8] c.h.i.m.ItemMapper.selectList_mpCount    : ==>  Preparing: SELECT COUNT(*) AS total FROM item WHERE (status = ?)
18:05:19:995 DEBUG 14288 --- [http-nio-8081-exec-8] c.h.i.m.ItemMapper.selectList_mpCount    : ==> Parameters: 1(Integer)
18:05:20:025 DEBUG 14288 --- [http-nio-8081-exec-8] c.h.i.m.ItemMapper.selectList_mpCount    : <==      Total: 1
18:05:20:029 DEBUG 14288 --- [http-nio-8081-exec-8] c.h.item.mapper.ItemMapper.selectList    : ==>  Preparing: SELECT id, name, price, stock, image, category, brand, spec, sold, comment_count, isAD, status, create_time, update_time, creater, updater FROM item WHERE (status = ?) ORDER BY update_time DESC LIMIT ?
18:05:20:030 DEBUG 14288 --- [http-nio-8081-exec-8] c.h.item.mapper.ItemMapper.selectList    : ==> Parameters: 1(Integer), 20(Long)
18:05:20:036 DEBUG 14288 --- [http-nio-8081-exec-8] c.h.item.mapper.ItemMapper.selectList    : <==      Total: 20
18:05:26:115 DEBUG 14288 --- [http-nio-8081-exec-9] c.h.i.mapper.ItemMapper.selectBatchIds   : ==>  Preparing: SELECT id,name,price,stock,image,category,brand,spec,sold,comment_count,isAD,status,create_time,update_time,creater,updater FROM item WHERE id IN ( ? , ? )
18:05:26:115 DEBUG 14288 --- [http-nio-8081-exec-9] c.h.i.mapper.ItemMapper.selectBatchIds   : ==> Parameters: 100000006163(Long), 2120808(Long)
18:05:26:120 DEBUG 14288 --- [http-nio-8081-exec-9] c.h.i.mapper.ItemMapper.selectBatchIds   : <==      Total: 2
18:05:55:926 DEBUG 14293 --- [http-nio-8085-exec-3] c.h.i.mapper.ItemMapper.selectBatchIds   : ==>  Preparing: SELECT id,name,price,stock,image,category,brand,spec,sold,comment_count,isAD,status,create_time,update_time,creater,updater FROM item WHERE id IN ( ? )
18:05:55:928 DEBUG 14293 --- [http-nio-8085-exec-3] c.h.i.mapper.ItemMapper.selectBatchIds   : ==> Parameters: 2120808(Long)
18:05:55:931 DEBUG 14293 --- [http-nio-8085-exec-3] c.h.i.mapper.ItemMapper.selectBatchIds   : <==      Total: 1
18:06:34:474 DEBUG 14288 --- [http-nio-8081-exec-2] c.h.i.mapper.ItemMapper.selectBatchIds   : ==>  Preparing: SELECT id,name,price,stock,image,category,brand,spec,sold,comment_count,isAD,status,create_time,update_time,creater,updater FROM item WHERE id IN ( ? )
18:06:34:475 DEBUG 14288 --- [http-nio-8081-exec-2] c.h.i.mapper.ItemMapper.selectBatchIds   : ==> Parameters: 2120808(Long)
18:06:34:478 DEBUG 14288 --- [http-nio-8081-exec-2] c.h.i.mapper.ItemMapper.selectBatchIds   : <==      Total: 1
18:11:16:457 DEBUG 14288 --- [http-nio-8081-exec-4] c.h.i.mapper.ItemMapper.selectBatchIds   : ==>  Preparing: SELECT id,name,price,stock,image,category,brand,spec,sold,comment_count,isAD,status,create_time,update_time,creater,updater FROM item WHERE id IN ( ? )
18:11:16:459 DEBUG 14288 --- [http-nio-8081-exec-4] c.h.i.mapper.ItemMapper.selectBatchIds   : ==> Parameters: 2120808(Long)
18:11:16:463 DEBUG 14288 --- [http-nio-8081-exec-4] c.h.i.mapper.ItemMapper.selectBatchIds   : <==      Total: 1
18:11:19:672 DEBUG 14293 --- [http-nio-8085-exec-6] c.h.i.mapper.ItemMapper.selectBatchIds   : ==>  Preparing: SELECT id,name,price,stock,image,category,brand,spec,sold,comment_count,isAD,status,create_time,update_time,creater,updater FROM item WHERE id IN ( ? )
18:11:19:672 DEBUG 14293 --- [http-nio-8085-exec-6] c.h.i.mapper.ItemMapper.selectBatchIds   : ==> Parameters: 2120808(Long)
18:11:19:677 DEBUG 14293 --- [http-nio-8085-exec-6] c.h.i.mapper.ItemMapper.selectBatchIds   : <==      Total: 1
18:11:25:079 DEBUG 14288 --- [http-nio-8081-exec-5] c.h.i.mapper.ItemMapper.selectBatchIds   : ==>  Preparing: SELECT id,name,price,stock,image,category,brand,spec,sold,comment_count,isAD,status,create_time,update_time,creater,updater FROM item WHERE id IN ( ? )
18:11:25:080 DEBUG 14288 --- [http-nio-8081-exec-5] c.h.i.mapper.ItemMapper.selectBatchIds   : ==> Parameters: 2120808(Long)
18:11:25:083 DEBUG 14288 --- [http-nio-8081-exec-5] c.h.i.mapper.ItemMapper.selectBatchIds   : <==      Total: 1
18:11:45:038 DEBUG 14293 --- [http-nio-8085-exec-7] c.h.i.mapper.ItemMapper.selectBatchIds   : ==>  Preparing: SELECT id,name,price,stock,image,category,brand,spec,sold,comment_count,isAD,status,create_time,update_time,creater,updater FROM item WHERE id IN ( ? )
18:11:45:039 DEBUG 14293 --- [http-nio-8085-exec-7] c.h.i.mapper.ItemMapper.selectBatchIds   : ==> Parameters: 2120808(Long)
18:11:45:043 DEBUG 14293 --- [http-nio-8085-exec-7] c.h.i.mapper.ItemMapper.selectBatchIds   : <==      Total: 1
18:13:05:287 DEBUG 14293 --- [http-nio-8085-exec-9] c.h.i.mapper.ItemMapper.selectBatchIds   : ==>  Preparing: SELECT id,name,price,stock,image,category,brand,spec,sold,comment_count,isAD,status,create_time,update_time,creater,updater FROM item WHERE id IN ( ? )
18:13:05:288 DEBUG 14293 --- [http-nio-8085-exec-9] c.h.i.mapper.ItemMapper.selectBatchIds   : ==> Parameters: 2120808(Long)
18:13:05:292 DEBUG 14293 --- [http-nio-8085-exec-9] c.h.i.mapper.ItemMapper.selectBatchIds   : <==      Total: 1
18:13:13:514 DEBUG 14293 --- [http-nio-8085-exec-10] c.h.i.mapper.ItemMapper.selectBatchIds   : ==>  Preparing: SELECT id,name,price,stock,image,category,brand,spec,sold,comment_count,isAD,status,create_time,update_time,creater,updater FROM item WHERE id IN ( ? , ? )
18:13:13:515 DEBUG 14293 --- [http-nio-8085-exec-10] c.h.i.mapper.ItemMapper.selectBatchIds   : ==> Parameters: 100000006163(Long), 2120808(Long)
18:13:13:522 DEBUG 14293 --- [http-nio-8085-exec-10] c.h.i.mapper.ItemMapper.selectBatchIds   : <==      Total: 2
18:13:19:192 DEBUG 14288 --- [http-nio-8081-exec-7] c.h.i.mapper.ItemMapper.selectBatchIds   : ==>  Preparing: SELECT id,name,price,stock,image,category,brand,spec,sold,comment_count,isAD,status,create_time,update_time,creater,updater FROM item WHERE id IN ( ? , ? )
18:13:19:192 DEBUG 14288 --- [http-nio-8081-exec-7] c.h.i.mapper.ItemMapper.selectBatchIds   : ==> Parameters: 100000006163(Long), 2120808(Long)
18:13:19:199 DEBUG 14288 --- [http-nio-8081-exec-7] c.h.i.mapper.ItemMapper.selectBatchIds   : <==      Total: 2
18:13:37:137 DEBUG 14293 --- [http-nio-8085-exec-1] c.h.i.mapper.ItemMapper.selectBatchIds   : ==>  Preparing: SELECT id,name,price,stock,image,category,brand,spec,sold,comment_count,isAD,status,create_time,update_time,creater,updater FROM item WHERE id IN ( ? )
18:13:37:137 DEBUG 14293 --- [http-nio-8085-exec-1] c.h.i.mapper.ItemMapper.selectBatchIds   : ==> Parameters: 2120808(Long)
18:13:37:142 DEBUG 14293 --- [http-nio-8085-exec-1] c.h.i.mapper.ItemMapper.selectBatchIds   : <==      Total: 1
18:13:44:968 DEBUG 14288 --- [http-nio-8081-exec-8] c.h.i.mapper.ItemMapper.selectBatchIds   : ==>  Preparing: SELECT id,name,price,stock,image,category,brand,spec,sold,comment_count,isAD,status,create_time,update_time,creater,updater FROM item WHERE id IN ( ? )
18:13:44:969 DEBUG 14288 --- [http-nio-8081-exec-8] c.h.i.mapper.ItemMapper.selectBatchIds   : ==> Parameters: 2120808(Long)
18:13:44:971 DEBUG 14288 --- [http-nio-8081-exec-8] c.h.i.mapper.ItemMapper.selectBatchIds   : <==      Total: 1
18:13:49:932 DEBUG 14293 --- [http-nio-8085-exec-2] c.h.i.mapper.ItemMapper.selectBatchIds   : ==>  Preparing: SELECT id,name,price,stock,image,category,brand,spec,sold,comment_count,isAD,status,create_time,update_time,creater,updater FROM item WHERE id IN ( ? )
18:13:49:933 DEBUG 14293 --- [http-nio-8085-exec-2] c.h.i.mapper.ItemMapper.selectBatchIds   : ==> Parameters: 2120808(Long)
18:13:49:935 DEBUG 14293 --- [http-nio-8085-exec-2] c.h.i.mapper.ItemMapper.selectBatchIds   : <==      Total: 1
