11:20:29:941  INFO 26401 --- [main] com.hmall.user.UserApplication           : Starting UserApplication using Java 11.0.27 on macdeMacBook-Pro.local with PID 26401 (/Users/mac/Projects/hmall/User-service/target/classes started by mac in /Users/mac/Projects/hmall)
11:20:29:946 DEBUG 26401 --- [main] com.hmall.user.UserApplication           : Running with Spring Boot v2.7.12, Spring v5.3.27
11:20:29:947  INFO 26401 --- [main] com.hmall.user.UserApplication           : The following 1 profile is active: "local"
11:20:31:242  INFO 26401 --- [main] o.s.cloud.context.scope.GenericScope     : BeanFactory id=91eba8bc-f760-3fc8-b90d-bce721fb174b
11:20:31:556  INFO 26401 --- [main] o.s.b.w.embedded.tomcat.TomcatWebServer  : Tomcat initialized with port(s): 8083 (http)
11:20:31:565  INFO 26401 --- [main] o.apache.catalina.core.StandardService   : Starting service [Tomcat]
11:20:31:565  INFO 26401 --- [main] org.apache.catalina.core.StandardEngine  : Starting Servlet engine: [Apache Tomcat/9.0.75]
11:20:31:664  INFO 26401 --- [main] o.a.c.c.C.[Tomcat].[localhost].[/]       : Initializing Spring embedded WebApplicationContext
11:20:31:664  INFO 26401 --- [main] w.s.c.ServletWebServerApplicationContext : Root WebApplicationContext: initialization completed in 1636 ms
11:20:33:087  INFO 26401 --- [main] pertySourcedRequestMappingHandlerMapping : Mapped URL path [/v2/api-docs] onto method [springfox.documentation.swagger2.web.Swagger2ControllerWebMvc#getDocumentation(String, HttpServletRequest)]
11:20:33:349  INFO 26401 --- [main] com.alibaba.nacos.common.remote.client   : [RpcClientFactory] create a new rpc client of 4fd73c55-ad48-4ccb-9204-d0b5e41c49aa
11:20:33:400  INFO 26401 --- [main] org.reflections.Reflections              : Reflections took 32 ms to scan 1 urls, producing 3 keys and 6 values 
11:20:33:435  INFO 26401 --- [main] org.reflections.Reflections              : Reflections took 15 ms to scan 1 urls, producing 4 keys and 9 values 
11:20:33:449  INFO 26401 --- [main] org.reflections.Reflections              : Reflections took 11 ms to scan 1 urls, producing 3 keys and 10 values 
11:20:33:453  WARN 26401 --- [main] org.reflections.Reflections              : given scan urls are empty. set urls in the configuration
11:20:33:468  INFO 26401 --- [main] org.reflections.Reflections              : Reflections took 14 ms to scan 1 urls, producing 1 keys and 5 values 
11:20:33:487  INFO 26401 --- [main] org.reflections.Reflections              : Reflections took 16 ms to scan 1 urls, producing 1 keys and 7 values 
11:20:33:506  INFO 26401 --- [main] org.reflections.Reflections              : Reflections took 15 ms to scan 1 urls, producing 2 keys and 8 values 
11:20:33:510  WARN 26401 --- [main] org.reflections.Reflections              : given scan urls are empty. set urls in the configuration
11:20:33:511  INFO 26401 --- [main] com.alibaba.nacos.common.remote.client   : [4fd73c55-ad48-4ccb-9204-d0b5e41c49aa] RpcClient init label, labels = {module=naming, source=sdk}
11:20:33:513  INFO 26401 --- [main] com.alibaba.nacos.common.remote.client   : [4fd73c55-ad48-4ccb-9204-d0b5e41c49aa] RpcClient init, ServerListFactory = com.alibaba.nacos.client.naming.core.ServerListManager
11:20:33:514  INFO 26401 --- [main] com.alibaba.nacos.common.remote.client   : [4fd73c55-ad48-4ccb-9204-d0b5e41c49aa] Registry connection listener to current client:com.alibaba.nacos.client.naming.remote.gprc.redo.NamingGrpcRedoService
11:20:33:514  INFO 26401 --- [main] com.alibaba.nacos.common.remote.client   : [4fd73c55-ad48-4ccb-9204-d0b5e41c49aa] Register server push request handler:com.alibaba.nacos.client.naming.remote.gprc.NamingPushRequestHandler
11:20:33:516  INFO 26401 --- [main] com.alibaba.nacos.common.remote.client   : [4fd73c55-ad48-4ccb-9204-d0b5e41c49aa] Try to connect to server on start up, server: {serverIp = '172.16.196.131', server main port = 8848}
11:20:34:288  INFO 26401 --- [main] com.alibaba.nacos.common.remote.client   : [4fd73c55-ad48-4ccb-9204-d0b5e41c49aa] Success to connect to server [172.16.196.131:8848] on start up, connectionId = 1746242434194_172.16.196.1_55242
11:20:34:292  INFO 26401 --- [main] com.alibaba.nacos.common.remote.client   : [4fd73c55-ad48-4ccb-9204-d0b5e41c49aa] Register server push request handler:com.alibaba.nacos.common.remote.client.RpcClient$ConnectResetRequestHandler
11:20:34:291  INFO 26401 --- [com.alibaba.nacos.client.remote.worker] com.alibaba.nacos.common.remote.client   : [4fd73c55-ad48-4ccb-9204-d0b5e41c49aa] Notify connected event to listeners.
11:20:34:295  INFO 26401 --- [main] com.alibaba.nacos.common.remote.client   : [4fd73c55-ad48-4ccb-9204-d0b5e41c49aa] Register server push request handler:com.alibaba.nacos.common.remote.client.RpcClient$$Lambda$984/0x0000000840654040
11:20:34:399  INFO 26401 --- [main] o.s.b.w.embedded.tomcat.TomcatWebServer  : Tomcat started on port(s): 8083 (http) with context path ''
11:20:34:415  INFO 26401 --- [main] c.a.c.n.registry.NacosServiceRegistry    : nacos registry, DEFAULT_GROUP user-service 192.168.2.102:8083 register finished
11:20:34:420  INFO 26401 --- [main] d.s.w.p.DocumentationPluginsBootstrapper : Documentation plugins bootstrapped
11:20:34:422  INFO 26401 --- [main] d.s.w.p.DocumentationPluginsBootstrapper : Found 1 custom documentation plugin(s)
11:20:34:441  INFO 26401 --- [main] s.d.s.w.s.ApiListingReferenceScanner     : Scanning for api listing references
11:20:34:548  INFO 26401 --- [main] com.hmall.user.UserApplication           : Started UserApplication in 5.465 seconds (JVM running for 6.396)
11:20:34:930  INFO 26401 --- [nacos-grpc-client-executor-11] com.alibaba.nacos.common.remote.client   : [4fd73c55-ad48-4ccb-9204-d0b5e41c49aa] Receive server push request, request = NotifySubscriberRequest, requestId = 9
11:20:34:933  INFO 26401 --- [nacos-grpc-client-executor-11] com.alibaba.nacos.common.remote.client   : [4fd73c55-ad48-4ccb-9204-d0b5e41c49aa] Ack server push request, request = NotifySubscriberRequest, requestId = 9
11:27:37:015  INFO 26401 --- [http-nio-8083-exec-1] o.a.c.c.C.[Tomcat].[localhost].[/]       : Initializing Spring DispatcherServlet 'dispatcherServlet'
11:27:37:020  INFO 26401 --- [http-nio-8083-exec-1] o.s.web.servlet.DispatcherServlet        : Initializing Servlet 'dispatcherServlet'
11:27:37:049  INFO 26401 --- [http-nio-8083-exec-1] o.s.web.servlet.DispatcherServlet        : Completed initialization in 28 ms
11:27:37:525  INFO 26401 --- [http-nio-8083-exec-1] com.zaxxer.hikari.HikariDataSource       : HikariPool-1 - Starting...
11:27:37:795  INFO 26401 --- [http-nio-8083-exec-1] com.zaxxer.hikari.HikariDataSource       : HikariPool-1 - Start completed.
11:27:37:805 DEBUG 26401 --- [http-nio-8083-exec-1] c.h.user.mapper.UserMapper.selectList    : ==>  Preparing: SELECT id,username,password,phone,create_time,update_time,status,balance FROM user WHERE (username = ?)
11:27:37:832 DEBUG 26401 --- [http-nio-8083-exec-1] c.h.user.mapper.UserMapper.selectList    : ==> Parameters: jack(String)
11:27:37:868 DEBUG 26401 --- [http-nio-8083-exec-1] c.h.user.mapper.UserMapper.selectList    : <==      Total: 1
11:32:26:917  WARN 26401 --- [Thread-7] c.a.n.common.http.HttpClientBeanHolder   : [HttpClientBeanHolder] Start destroying common HttpClient
11:32:26:919  WARN 26401 --- [Thread-4] c.a.nacos.common.notify.NotifyCenter     : [NotifyCenter] Start destroying Publisher
11:32:26:920  WARN 26401 --- [Thread-4] c.a.nacos.common.notify.NotifyCenter     : [NotifyCenter] Destruction of the end
11:32:26:921  WARN 26401 --- [Thread-7] c.a.n.common.http.HttpClientBeanHolder   : [HttpClientBeanHolder] Destruction of the end
11:32:26:991  INFO 26401 --- [SpringApplicationShutdownHook] c.a.c.n.registry.NacosServiceRegistry    : De-registering from Nacos Server now...
11:32:27:002  INFO 26401 --- [SpringApplicationShutdownHook] c.a.c.n.registry.NacosServiceRegistry    : De-registration finished.
11:32:27:316  INFO 26401 --- [SpringApplicationShutdownHook] com.alibaba.nacos.common.remote.client   : Shutdown rpc client, set status to shutdown
11:32:27:316  INFO 26401 --- [SpringApplicationShutdownHook] com.alibaba.nacos.common.remote.client   : Shutdown client event executor java.util.concurrent.ScheduledThreadPoolExecutor@730979c5[Running, pool size = 2, active threads = 2, queued tasks = 0, completed tasks = 0]
11:32:27:316  INFO 26401 --- [SpringApplicationShutdownHook] com.alibaba.nacos.common.remote.client   : Close current connection 1746242434194_172.16.196.1_55242
11:32:27:318  INFO 26401 --- [nacos-grpc-client-executor-241] c.a.n.c.remote.client.grpc.GrpcClient    : [1746242434194_172.16.196.1_55242]Ignore complete event,isRunning:false,isAbandon=false
11:32:27:327  INFO 26401 --- [SpringApplicationShutdownHook] c.a.n.c.remote.client.grpc.GrpcClient    : Shutdown grpc executor java.util.concurrent.ThreadPoolExecutor@629eab7c[Running, pool size = 6, active threads = 0, queued tasks = 0, completed tasks = 242]
11:32:27:336  INFO 26401 --- [SpringApplicationShutdownHook] com.zaxxer.hikari.HikariDataSource       : HikariPool-1 - Shutdown initiated...
11:32:27:456  INFO 26401 --- [SpringApplicationShutdownHook] com.zaxxer.hikari.HikariDataSource       : HikariPool-1 - Shutdown completed.
